Log file open, 02/09/20 20:24:08
LogWindows: Failed to load 'aqProf.dll' (GetLastError=126)
LogWindows: File 'aqProf.dll' does not exist
LogWindows: Failed to load 'VtuneApi.dll' (GetLastError=126)
LogWindows: File 'VtuneApi.dll' does not exist
LogWindows: Failed to load 'VtuneApi32e.dll' (GetLastError=126)
LogWindows: File 'VtuneApi32e.dll' does not exist
LogConsoleResponse: Display: Failed to find resolution value strings in scalability ini. Falling back to default.
LogInit: Display: Running engine for game: Shooter2
LogPlatformFile: Not using cached read wrapper
LogTaskGraph: Started task graph with 5 named threads and 23 total threads with 3 sets of task threads.
LogStats: Stats thread started at 1.761747
LogD3D11RHI: Loaded GFSDK_Aftermath_Lib.x64.dll
LogICUInternationalization: ICU TimeZone Detection - Raw Offset: +3:00, Platform Override: ''
LogPluginManager: Mounting plugin Paper2D
LogPluginManager: Mounting plugin AISupport
LogPluginManager: Mounting plugin LightPropagationVolume
LogPluginManager: Mounting plugin ActorLayerUtilities
LogPluginManager: Mounting plugin AnimationSharing
LogPluginManager: Mounting plugin CLionSourceCodeAccess
LogPluginManager: Mounting plugin CodeLiteSourceCodeAccess
LogPluginManager: Mounting plugin GitSourceControl
LogPluginManager: Mounting plugin KDevelopSourceCodeAccess
LogPluginManager: Mounting plugin NullSourceCodeAccess
LogPluginManager: Mounting plugin PerforceSourceControl
LogPluginManager: Mounting plugin PlasticSourceControl
LogPluginManager: Mounting plugin SubversionSourceControl
LogPluginManager: Mounting plugin UObjectPlugin
LogPluginManager: Mounting plugin VisualStudioCodeSourceCodeAccess
LogPluginManager: Mounting plugin VisualStudioSourceCodeAccess
LogPluginManager: Mounting plugin XCodeSourceCodeAccess
LogPluginManager: Mounting plugin AssetManagerEditor
LogPluginManager: Mounting plugin CryptoKeys
LogPluginManager: Mounting plugin CurveEditorTools
LogPluginManager: Mounting plugin DataValidation
LogPluginManager: Mounting plugin FacialAnimation
LogPluginManager: Mounting plugin GameplayTagsEditor
LogPluginManager: Mounting plugin MacGraphicsSwitching
LogPluginManager: Mounting plugin MaterialAnalyzer
LogPluginManager: Mounting plugin MobileLauncherProfileWizard
LogPluginManager: Mounting plugin PluginBrowser
LogPluginManager: Mounting plugin SpeedTreeImporter
LogPluginManager: Mounting plugin DatasmithContent
LogPluginManager: Mounting plugin VariantManagerContent
LogPluginManager: Mounting plugin AlembicImporter
LogPluginManager: Mounting plugin AutomationUtils
LogPluginManager: Mounting plugin BackChannel
LogPluginManager: Mounting plugin CharacterAI
LogPluginManager: Mounting plugin GeometryCache
LogPluginManager: Mounting plugin PlatformCrypto
LogPluginManager: Mounting plugin ProxyLODPlugin
LogPluginManager: Mounting plugin SkeletalReduction
LogPluginManager: Mounting plugin MagicLeap
LogPluginManager: Mounting plugin MagicLeapMedia
LogPluginManager: Mounting plugin MLSDK
LogPluginManager: Mounting plugin AndroidMedia
LogPluginManager: Mounting plugin AvfMedia
LogPluginManager: Mounting plugin ImgMedia
LogPluginManager: Mounting plugin MediaCompositing
LogPluginManager: Mounting plugin MediaPlayerEditor
LogPluginManager: Mounting plugin WebMMedia
LogPluginManager: Mounting plugin WmfMedia
LogPluginManager: Mounting plugin TcpMessaging
LogPluginManager: Mounting plugin UdpMessaging
LogPluginManager: Mounting plugin ActorSequence
LogPluginManager: Mounting plugin LevelSequenceEditor
LogPluginManager: Mounting plugin MatineeToLevelSequence
LogPluginManager: Mounting plugin NetcodeUnitTest
LogPluginManager: Mounting plugin NUTUnrealEngine4
LogPluginManager: Mounting plugin OnlineSubsystemGooglePlay
LogPluginManager: Mounting plugin OnlineSubsystemIOS
LogPluginManager: Mounting plugin OnlineSubsystem
LogPluginManager: Mounting plugin OnlineSubsystemNull
LogPluginManager: Mounting plugin OnlineSubsystemUtils
LogPluginManager: Mounting plugin LauncherChunkInstaller
LogPluginManager: Mounting plugin AndroidDeviceProfileSelector
LogPluginManager: Mounting plugin AndroidMoviePlayer
LogPluginManager: Mounting plugin AndroidPermission
LogPluginManager: Mounting plugin AppleImageUtils
LogPluginManager: Mounting plugin AppleMoviePlayer
LogPluginManager: Mounting plugin ArchVisCharacter
LogPluginManager: Mounting plugin AssetTags
LogPluginManager: Mounting plugin AudioCapture
LogPluginManager: Mounting plugin CableComponent
LogPluginManager: Mounting plugin CustomMeshComponent
LogPluginManager: Mounting plugin EditableMesh
LogPluginManager: Mounting plugin ExampleDeviceProfileSelector
LogPluginManager: Mounting plugin GoogleCloudMessaging
LogPluginManager: Mounting plugin IOSDeviceProfileSelector
LogPluginManager: Mounting plugin LinuxDeviceProfileSelector
LogPluginManager: Mounting plugin LocationServicesBPLibrary
LogPluginManager: Mounting plugin MobilePatchingUtils
LogPluginManager: Mounting plugin OculusVR
LogPluginManager: Mounting plugin PhysXVehicles
LogPluginManager: Mounting plugin PostSplashScreen
LogPluginManager: Mounting plugin ProceduralMeshComponent
LogPluginManager: Mounting plugin RuntimePhysXCooking
LogPluginManager: Mounting plugin SignificanceManager
LogPluginManager: Mounting plugin SteamVR
LogPluginManager: Mounting plugin WebMMoviePlayer
LogPluginManager: Mounting plugin WindowsMoviePlayer
LogPluginManager: Mounting plugin ScreenshotTools
LogInit: Using libcurl 7.55.1-DEV
LogInit:  - built for x86_64-pc-win32
LogInit:  - supports SSL with OpenSSL/1.1.1
LogInit:  - supports HTTP deflate (compression) using libz 1.2.8
LogInit:  - other features:
LogInit:      CURL_VERSION_SSL
LogInit:      CURL_VERSION_LIBZ
LogInit:      CURL_VERSION_IPV6
LogInit:      CURL_VERSION_ASYNCHDNS
LogInit:      CURL_VERSION_LARGEFILE
LogInit:      CURL_VERSION_IDN
LogInit:  CurlRequestOptions (configurable via config and command line):
LogInit:  - bVerifyPeer = true  - Libcurl will verify peer certificate
LogInit:  - bUseHttpProxy = false  - Libcurl will NOT use HTTP proxy
LogInit:  - bDontReuseConnections = false  - Libcurl will reuse connections
LogInit:  - MaxHostConnections = 16  - Libcurl will limit the number of connections to a host
LogInit:  - LocalHostAddr = Default
LogInit:  - BufferSize = 65536
LogOnline: OSS: Creating online subsystem instance for: NULL
LogInit: WinSock: version 1.1 (2.2), MaxSocks=32767, MaxUdp=65467
LogOnline: OSS: TryLoadSubsystemAndSetDefault: Loaded subsystem for module [NULL]
LogInit: Build: ++UE4+Release-4.24-CL-11100242
LogInit: Engine Version: 4.24.2-11100242+++UE4+Release-4.24
LogInit: Compatible Engine Version: 4.24.0-10570792+++UE4+Release-4.24
LogInit: Net CL: 10570792
LogInit: OS: Windows 8.1 (), CPU:       Intel(R) Core(TM) i7-3630QM CPU @ 2.40GHz, GPU: Intel(R) HD Graphics 4000
LogInit: Compiled (64-bit): Jan 24 2020 02:05:53
LogInit: Compiled with Visual C++: 19.16.27032.01
LogInit: Build Configuration: Development
LogInit: Branch Name: ++UE4+Release-4.24
LogInit: Command Line: 
LogInit: Base Directory: D:/EpicGameV22/UE_4.24/Engine/Binaries/Win64/
LogInit: Installed Engine Build: 1
LogDevObjectVersion: Number of dev versions registered: 25
LogDevObjectVersion:   Dev-Blueprints (B0D832E4-1F89-4F0D-ACCF-7EB736FD4AA2): 10
LogDevObjectVersion:   Dev-Build (E1C64328-A22C-4D53-A36C-8E866417BD8C): 0
LogDevObjectVersion:   Dev-Core (375EC13C-06E4-48FB-B500-84F0262A717E): 3
LogDevObjectVersion:   Dev-Editor (E4B068ED-F494-42E9-A231-DA0B2E46BB41): 37
LogDevObjectVersion:   Dev-Framework (CFFC743F-43B0-4480-9391-14DF171D2073): 36
LogDevObjectVersion:   Dev-Mobile (B02B49B5-BB20-44E9-A304-32B752E40360): 2
LogDevObjectVersion:   Dev-Networking (A4E4105C-59A1-49B5-A7C5-40C4547EDFEE): 0
LogDevObjectVersion:   Dev-Online (39C831C9-5AE6-47DC-9A44-9C173E1C8E7C): 0
LogDevObjectVersion:   Dev-Physics (78F01B33-EBEA-4F98-B9B4-84EACCB95AA2): 2
LogDevObjectVersion:   Dev-Platform (6631380F-2D4D-43E0-8009-CF276956A95A): 0
LogDevObjectVersion:   Dev-Rendering (12F88B9F-8875-4AFC-A67C-D90C383ABD29): 36
LogDevObjectVersion:   Dev-Sequencer (7B5AE74C-D270-4C10-A958-57980B212A5A): 11
LogDevObjectVersion:   Dev-VR (D7296918-1DD6-4BDD-9DE2-64A83CC13884): 2
LogDevObjectVersion:   Dev-LoadTimes (C2A15278-BFE7-4AFE-6C17-90FF531DF755): 1
LogDevObjectVersion:   Private-Geometry (6EACA3D4-40EC-4CC1-B786-8BED09428FC5): 3
LogDevObjectVersion:   Dev-AnimPhys (29E575DD-E0A3-4627-9D10-D276232CDCEA): 17
LogDevObjectVersion:   Dev-Anim (AF43A65D-7FD3-4947-9873-3E8ED9C1BB05): 2
LogDevObjectVersion:   Dev-ReflectionCapture (6B266CEC-1EC7-4B8F-A30B-E4D90942FC07): 1
LogDevObjectVersion:   Dev-Automation (0DF73D61-A23F-47EA-B727-89E90C41499A): 1
LogDevObjectVersion:   FortniteMain (601D1886-AC64-4F84-AA16-D3DE0DEAC7D6): 31
LogDevObjectVersion:   Dev-Enterprise (9DFFBCD6-494F-0158-E221-12823C92A888): 8
LogDevObjectVersion:   Dev-Niagara (F2AED0AC-9AFE-416F-8664-AA7FFA26D6FC): 1
LogDevObjectVersion:   Dev-Destruction (174F1F0B-B4C6-45A5-B13F-2EE8D0FB917D): 9
LogDevObjectVersion:   Dev-Physics-Ext (35F94A83-E258-406C-A318-09F59610247C): 8
LogDevObjectVersion:   Dev-CineCamera (B2E18506-4273-CFC2-A54E-F4BB758BBA07): 1
LogInit: Presizing for max 25165824 objects, including 0 objects not considered by GC, pre-allocating 0 bytes for permanent pool.
LogInit: Object subsystem initialized
LogConfig: Setting CVar [[con.DebugEarlyDefault:1]]
LogConfig: Setting CVar [[r.setres:1280x720]]
[2020.02.09-17.24.16:120][  0]LogConfig: Setting CVar [[r.VSync:0]]
[2020.02.09-17.24.16:120][  0]LogConfig: Setting CVar [[r.RHICmdBypass:0]]
[2020.02.09-17.24.16:120][  0]LogConfig: Applying CVar settings from Section [/Script/Engine.RendererSettings] File [C:/Users/Максим/Downloads/Shooter2/Shooter2/Saved/Config/Windows/Engine.ini]
[2020.02.09-17.24.16:120][  0]LogConfig: Setting CVar [[r.GPUCrashDebugging:0]]
[2020.02.09-17.24.16:120][  0]LogConfig: Setting CVar [[r.MobileHDR:1]]
[2020.02.09-17.24.16:120][  0]LogConfig: Setting CVar [[r.Mobile.DisableVertexFog:1]]
[2020.02.09-17.24.16:120][  0]LogConfig: Setting CVar [[r.Shadow.CSM.MaxMobileCascades:2]]
[2020.02.09-17.24.16:120][  0]LogConfig: Setting CVar [[r.MobileMSAA:1]]
[2020.02.09-17.24.16:120][  0]LogConfig: Setting CVar [[r.Mobile.UseLegacyShadingModel:0]]
[2020.02.09-17.24.16:120][  0]LogConfig: Setting CVar [[r.Mobile.UseHWsRGBEncoding:0]]
[2020.02.09-17.24.16:120][  0]LogConfig: Setting CVar [[r.Mobile.AllowDitheredLODTransition:0]]
[2020.02.09-17.24.16:120][  0]LogConfig: Setting CVar [[r.Mobile.AllowSoftwareOcclusion:0]]
[2020.02.09-17.24.16:120][  0]LogConfig: Setting CVar [[r.DiscardUnusedQuality:0]]
[2020.02.09-17.24.16:120][  0]LogConfig: Setting CVar [[r.AllowOcclusionQueries:1]]
[2020.02.09-17.24.16:120][  0]LogConfig: Setting CVar [[r.MinScreenRadiusForLights:0.030000]]
[2020.02.09-17.24.16:120][  0]LogConfig: Setting CVar [[r.MinScreenRadiusForDepthPrepass:0.030000]]
[2020.02.09-17.24.16:121][  0]LogConfig: Setting CVar [[r.MinScreenRadiusForCSMDepth:0.010000]]
[2020.02.09-17.24.16:121][  0]LogConfig: Setting CVar [[r.PrecomputedVisibilityWarning:0]]
[2020.02.09-17.24.16:121][  0]LogConfig: Setting CVar [[r.TextureStreaming:1]]
[2020.02.09-17.24.16:121][  0]LogConfig: Setting CVar [[Compat.UseDXT5NormalMaps:0]]
[2020.02.09-17.24.16:121][  0]LogConfig: Setting CVar [[r.VirtualTextures:0]]
[2020.02.09-17.24.16:121][  0]LogConfig: Setting CVar [[r.VirtualTexturedLightmaps:0]]
[2020.02.09-17.24.16:121][  0]LogConfig: Setting CVar [[r.VT.TileSize:128]]
[2020.02.09-17.24.16:121][  0]LogConfig: Setting CVar [[r.VT.TileBorderSize:4]]
[2020.02.09-17.24.16:121][  0]LogConfig: Setting CVar [[r.vt.FeedbackFactor:16]]
[2020.02.09-17.24.16:121][  0]LogConfig: Setting CVar [[r.VT.EnableCompressZlib:1]]
[2020.02.09-17.24.16:121][  0]LogConfig: Setting CVar [[r.VT.EnableCompressCrunch:0]]
[2020.02.09-17.24.16:121][  0]LogConfig: Setting CVar [[r.ClearCoatNormal:0]]
[2020.02.09-17.24.16:121][  0]LogConfig: Setting CVar [[r.ReflectionCaptureResolution:128]]
[2020.02.09-17.24.16:121][  0]LogConfig: Setting CVar [[r.ReflectionEnvironmentLightmapMixBasedOnRoughness:1]]
[2020.02.09-17.24.16:121][  0]LogConfig: Setting CVar [[r.ForwardShading:0]]
[2020.02.09-17.24.16:121][  0]LogConfig: Setting CVar [[r.VertexFoggingForOpaque:1]]
[2020.02.09-17.24.16:121][  0]LogConfig: Setting CVar [[r.AllowStaticLighting:1]]
[2020.02.09-17.24.16:121][  0]LogConfig: Setting CVar [[r.NormalMapsForStaticLighting:0]]
[2020.02.09-17.24.16:121][  0]LogConfig: Setting CVar [[r.GenerateMeshDistanceFields:0]]
[2020.02.09-17.24.16:121][  0]LogConfig: Setting CVar [[r.DistanceFieldBuild.EightBit:0]]
[2020.02.09-17.24.16:121][  0]LogConfig: Setting CVar [[r.GenerateLandscapeGIData:0]]
[2020.02.09-17.24.16:121][  0]LogConfig: Setting CVar [[r.DistanceFieldBuild.Compress:0]]
[2020.02.09-17.24.16:121][  0]LogConfig: Setting CVar [[r.TessellationAdaptivePixelsPerTriangle:48.000000]]
[2020.02.09-17.24.16:121][  0]LogConfig: Setting CVar [[r.SeparateTranslucency:1]]
[2020.02.09-17.24.16:121][  0]LogConfig: Setting CVar [[r.TranslucentSortPolicy:0]]
[2020.02.09-17.24.16:121][  0]LogConfig: Setting CVar [[r.CustomDepth:1]]
[2020.02.09-17.24.16:121][  0]LogConfig: Setting CVar [[r.CustomDepthTemporalAAJitter:1]]
[2020.02.09-17.24.16:121][  0]LogConfig: Setting CVar [[r.PostProcessing.PropagateAlpha:0]]
[2020.02.09-17.24.16:121][  0]LogConfig: Setting CVar [[r.DefaultFeature.Bloom:1]]
[2020.02.09-17.24.16:121][  0]LogConfig: Setting CVar [[r.DefaultFeature.AmbientOcclusion:1]]
[2020.02.09-17.24.16:121][  0]LogConfig: Setting CVar [[r.DefaultFeature.AmbientOcclusionStaticFraction:1]]
[2020.02.09-17.24.16:121][  0]LogConfig: Setting CVar [[r.DefaultFeature.AutoExposure:0]]
[2020.02.09-17.24.16:121][  0]LogConfig: Setting CVar [[r.DefaultFeature.AutoExposure.Method:0]]
[2020.02.09-17.24.16:121][  0]LogConfig: Setting CVar [[r.DefaultFeature.AutoExposure.ExtendDefaultLuminanceRange:0]]
[2020.02.09-17.24.16:121][  0]LogConfig: Setting CVar [[r.UsePreExposure:1]]
[2020.02.09-17.24.16:121][  0]LogConfig: Setting CVar [[r.EyeAdaptation.EditorOnly:1]]
[2020.02.09-17.24.16:121][  0]LogConfig: Setting CVar [[r.DefaultFeature.MotionBlur:0]]
[2020.02.09-17.24.16:121][  0]LogConfig: Setting CVar [[r.DefaultFeature.LensFlare:0]]
[2020.02.09-17.24.16:121][  0]LogConfig: Setting CVar [[r.TemporalAA.Upsampling:0]]
[2020.02.09-17.24.16:121][  0]LogConfig: Setting CVar [[r.SSGI.Enable:0]]
[2020.02.09-17.24.16:121][  0]LogConfig: Setting CVar [[r.DefaultFeature.AntiAliasing:0]]
[2020.02.09-17.24.16:121][  0]LogConfig: Setting CVar [[r.DefaultFeature.LightUnits:1]]
[2020.02.09-17.24.16:121][  0]LogConfig: Setting CVar [[r.DefaultBackBufferPixelFormat:4]]
[2020.02.09-17.24.16:121][  0]LogConfig: Setting CVar [[r.Shadow.UnbuiltPreviewInGame:1]]
[2020.02.09-17.24.16:121][  0]LogConfig: Setting CVar [[r.StencilForLODDither:0]]
[2020.02.09-17.24.16:121][  0]LogConfig: Setting CVar [[r.EarlyZPass:3]]
[2020.02.09-17.24.16:121][  0]LogConfig: Setting CVar [[r.EarlyZPassOnlyMaterialMasking:0]]
[2020.02.09-17.24.16:121][  0]LogConfig: Setting CVar [[r.DBuffer:1]]
[2020.02.09-17.24.16:121][  0]LogConfig: Setting CVar [[r.ClearSceneMethod:1]]
[2020.02.09-17.24.16:121][  0]LogConfig: Setting CVar [[r.BasePassOutputsVelocity:0]]
[2020.02.09-17.24.16:121][  0]LogConfig: Setting CVar [[r.SelectiveBasePassOutputs:0]]
[2020.02.09-17.24.16:121][  0]LogConfig: Setting CVar [[fx.GPUSimulationTextureSizeX:1024]]
[2020.02.09-17.24.16:121][  0]LogConfig: Setting CVar [[fx.GPUSimulationTextureSizeY:1024]]
[2020.02.09-17.24.16:121][  0]LogConfig: Setting CVar [[r.AllowGlobalClipPlane:0]]
[2020.02.09-17.24.16:121][  0]LogConfig: Setting CVar [[r.GBufferFormat:1]]
[2020.02.09-17.24.16:121][  0]LogConfig: Setting CVar [[r.MorphTarget.Mode:1]]
[2020.02.09-17.24.16:121][  0]LogConfig: Setting CVar [[vr.InstancedStereo:0]]
[2020.02.09-17.24.16:121][  0]LogConfig: Setting CVar [[vr.MultiView:0]]
[2020.02.09-17.24.16:121][  0]LogConfig: Setting CVar [[vr.MobileMultiView:0]]
[2020.02.09-17.24.16:121][  0]LogConfig: Setting CVar [[vr.MobileMultiView.Direct:0]]
[2020.02.09-17.24.16:122][  0]LogConfig: Setting CVar [[vr.RoundRobinOcclusion:0]]
[2020.02.09-17.24.16:122][  0]LogConfig: Setting CVar [[vr.ODSCapture:0]]
[2020.02.09-17.24.16:122][  0]LogConfig: Setting CVar [[r.WireframeCullThreshold:5.000000]]
[2020.02.09-17.24.16:122][  0]LogConfig: Setting CVar [[r.RayTracing:0]]
[2020.02.09-17.24.16:122][  0]LogConfig: Setting CVar [[r.RayTracing.UseTextureLod:0]]
[2020.02.09-17.24.16:122][  0]LogConfig: Setting CVar [[r.SupportStationarySkylight:1]]
[2020.02.09-17.24.16:122][  0]LogConfig: Setting CVar [[r.SupportLowQualityLightmaps:1]]
[2020.02.09-17.24.16:122][  0]LogConfig: Setting CVar [[r.SupportPointLightWholeSceneShadows:1]]
[2020.02.09-17.24.16:122][  0]LogConfig: Setting CVar [[r.SupportAtmosphericFog:1]]
[2020.02.09-17.24.16:122][  0]LogConfig: Setting CVar [[r.SupportSkyAtmosphere:1]]
[2020.02.09-17.24.16:122][  0]LogConfig: Setting CVar [[r.SupportSkyAtmosphereAffectsHeightFog:0]]
[2020.02.09-17.24.16:122][  0]LogConfig: Setting CVar [[r.SkinCache.CompileShaders:0]]
[2020.02.09-17.24.16:122][  0]LogConfig: Setting CVar [[r.Mobile.EnableStaticAndCSMShadowReceivers:1]]
[2020.02.09-17.24.16:122][  0]LogConfig: Setting CVar [[r.Mobile.EnableMovableLightCSMShaderCulling:1]]
[2020.02.09-17.24.16:122][  0]LogConfig: Setting CVar [[r.Mobile.AllowDistanceFieldShadows:1]]
[2020.02.09-17.24.16:122][  0]LogConfig: Setting CVar [[r.Mobile.AllowMovableDirectionalLights:1]]
[2020.02.09-17.24.16:122][  0]LogConfig: Setting CVar [[r.MobileNumDynamicPointLights:4]]
[2020.02.09-17.24.16:122][  0]LogConfig: Setting CVar [[r.MobileDynamicPointLightsUseStaticBranch:1]]
[2020.02.09-17.24.16:122][  0]LogConfig: Setting CVar [[r.Mobile.EnableMovableSpotlights:0]]
[2020.02.09-17.24.16:122][  0]LogConfig: Setting CVar [[r.SkinCache.SceneMemoryLimitInMB:128.000000]]
[2020.02.09-17.24.16:122][  0]LogConfig: Setting CVar [[r.GPUSkin.Limit2BoneInfluences:0]]
[2020.02.09-17.24.16:122][  0]LogConfig: Setting CVar [[r.SupportDepthOnlyIndexBuffers:1]]
[2020.02.09-17.24.16:122][  0]LogConfig: Setting CVar [[r.SupportReversedIndexBuffers:1]]
[2020.02.09-17.24.16:122][  0]LogConfig: Setting CVar [[r.SupportMaterialLayers:0]]
[2020.02.09-17.24.16:122][  0]LogConfig: Setting CVar [[r.LightPropagationVolume:0]]
[2020.02.09-17.24.16:122][  0]LogConfig: Applying CVar settings from Section [/Script/Engine.RendererOverrideSettings] File [C:/Users/Максим/Downloads/Shooter2/Shooter2/Saved/Config/Windows/Engine.ini]
[2020.02.09-17.24.16:122][  0]LogConfig: Applying CVar settings from Section [/Script/Engine.StreamingSettings] File [C:/Users/Максим/Downloads/Shooter2/Shooter2/Saved/Config/Windows/Engine.ini]
[2020.02.09-17.24.16:122][  0]LogConfig: Setting CVar [[s.MinBulkDataSizeForAsyncLoading:131072]]
[2020.02.09-17.24.16:122][  0]LogConfig: Setting CVar [[s.AsyncLoadingThreadEnabled:0]]
[2020.02.09-17.24.16:122][  0]LogConfig: Setting CVar [[s.EventDrivenLoaderEnabled:1]]
[2020.02.09-17.24.16:122][  0]LogConfig: Setting CVar [[s.WarnIfTimeLimitExceeded:0]]
[2020.02.09-17.24.16:122][  0]LogConfig: Setting CVar [[s.TimeLimitExceededMultiplier:1.5]]
[2020.02.09-17.24.16:122][  0]LogConfig: Setting CVar [[s.TimeLimitExceededMinTime:0.005]]
[2020.02.09-17.24.16:122][  0]LogConfig: Setting CVar [[s.UseBackgroundLevelStreaming:1]]
[2020.02.09-17.24.16:122][  0]LogConfig: Setting CVar [[s.PriorityAsyncLoadingExtraTime:15.0]]
[2020.02.09-17.24.16:122][  0]LogConfig: Setting CVar [[s.LevelStreamingActorsUpdateTimeLimit:5.0]]
[2020.02.09-17.24.16:122][  0]LogConfig: Setting CVar [[s.PriorityLevelStreamingActorsUpdateExtraTime:5.0]]
[2020.02.09-17.24.16:122][  0]LogConfig: Setting CVar [[s.LevelStreamingComponentsRegistrationGranularity:10]]
[2020.02.09-17.24.16:122][  0]LogConfig: Setting CVar [[s.UnregisterComponentsTimeLimit:1.0]]
[2020.02.09-17.24.16:122][  0]LogConfig: Setting CVar [[s.LevelStreamingComponentsUnregistrationGranularity:5]]
[2020.02.09-17.24.16:122][  0]LogConfig: Setting CVar [[s.FlushStreamingOnExit:1]]
[2020.02.09-17.24.16:122][  0]LogConfig: Applying CVar settings from Section [/Script/Engine.GarbageCollectionSettings] File [C:/Users/Максим/Downloads/Shooter2/Shooter2/Saved/Config/Windows/Engine.ini]
[2020.02.09-17.24.16:122][  0]LogConfig: Setting CVar [[gc.MaxObjectsNotConsideredByGC:1]]
[2020.02.09-17.24.16:122][  0]LogConfig: Setting CVar [[gc.SizeOfPermanentObjectPool:0]]
[2020.02.09-17.24.16:122][  0]LogConfig: Setting CVar [[gc.FlushStreamingOnGC:0]]
[2020.02.09-17.24.16:122][  0]LogConfig: Setting CVar [[gc.NumRetriesBeforeForcingGC:10]]
[2020.02.09-17.24.16:122][  0]LogConfig: Setting CVar [[gc.AllowParallelGC:1]]
[2020.02.09-17.24.16:122][  0]LogConfig: Setting CVar [[gc.TimeBetweenPurgingPendingKillObjects:61.1]]
[2020.02.09-17.24.16:122][  0]LogConfig: Setting CVar [[gc.MaxObjectsInEditor:25165824]]
[2020.02.09-17.24.16:122][  0]LogConfig: Setting CVar [[gc.IncrementalBeginDestroyEnabled:1]]
[2020.02.09-17.24.16:122][  0]LogConfig: Setting CVar [[gc.CreateGCClusters:1]]
[2020.02.09-17.24.16:122][  0]LogConfig: Setting CVar [[gc.MinGCClusterSize:5]]
[2020.02.09-17.24.16:122][  0]LogConfig: Setting CVar [[gc.ActorClusteringEnabled:0]]
[2020.02.09-17.24.16:122][  0]LogConfig: Setting CVar [[gc.BlueprintClusteringEnabled:0]]
[2020.02.09-17.24.16:122][  0]LogConfig: Setting CVar [[gc.UseDisregardForGCOnDedicatedServers:0]]
[2020.02.09-17.24.16:122][  0]LogConfig: Applying CVar settings from Section [/Script/Engine.NetworkSettings] File [C:/Users/Максим/Downloads/Shooter2/Shooter2/Saved/Config/Windows/Engine.ini]
[2020.02.09-17.24.16:122][  0]LogConfig: Applying CVar settings from Section [/Script/UnrealEd.CookerSettings] File [C:/Users/Максим/Downloads/Shooter2/Shooter2/Saved/Config/Windows/Engine.ini]
[2020.02.09-17.24.16:127][  0]LogConfig: Applying CVar settings from Section [ViewDistanceQuality@3] File [C:/Users/Максим/Downloads/Shooter2/Shooter2/Saved/Config/Windows/Scalability.ini]
[2020.02.09-17.24.16:127][  0]LogConfig: Setting CVar [[r.SkeletalMeshLODBias:0]]
[2020.02.09-17.24.16:127][  0]LogConfig: Setting CVar [[r.ViewDistanceScale:1.0]]
[2020.02.09-17.24.16:127][  0]LogConfig: Applying CVar settings from Section [AntiAliasingQuality@3] File [C:/Users/Максим/Downloads/Shooter2/Shooter2/Saved/Config/Windows/Scalability.ini]
[2020.02.09-17.24.16:127][  0]LogConfig: Setting CVar [[r.PostProcessAAQuality:4]]
[2020.02.09-17.24.16:127][  0]LogConfig: Applying CVar settings from Section [ShadowQuality@3] File [C:/Users/Максим/Downloads/Shooter2/Shooter2/Saved/Config/Windows/Scalability.ini]
[2020.02.09-17.24.16:127][  0]LogConfig: Setting CVar [[r.LightFunctionQuality:1]]
[2020.02.09-17.24.16:127][  0]LogConfig: Setting CVar [[r.ShadowQuality:5]]
[2020.02.09-17.24.16:127][  0]LogConfig: Setting CVar [[r.Shadow.CSM.MaxCascades:10]]
[2020.02.09-17.24.16:127][  0]LogConfig: Setting CVar [[r.Shadow.MaxResolution:2048]]
[2020.02.09-17.24.16:127][  0]LogConfig: Setting CVar [[r.Shadow.MaxCSMResolution:2048]]
[2020.02.09-17.24.16:127][  0]LogConfig: Setting CVar [[r.Shadow.RadiusThreshold:0.01]]
[2020.02.09-17.24.16:127][  0]LogConfig: Setting CVar [[r.Shadow.DistanceScale:1.0]]
[2020.02.09-17.24.16:127][  0]LogConfig: Setting CVar [[r.Shadow.CSM.TransitionScale:1.0]]
[2020.02.09-17.24.16:127][  0]LogConfig: Setting CVar [[r.Shadow.PreShadowResolutionFactor:1.0]]
[2020.02.09-17.24.16:127][  0]LogConfig: Setting CVar [[r.DistanceFieldShadowing:1]]
[2020.02.09-17.24.16:127][  0]LogConfig: Setting CVar [[r.DistanceFieldAO:1]]
[2020.02.09-17.24.16:127][  0]LogConfig: Setting CVar [[r.AOQuality:2]]
[2020.02.09-17.24.16:128][  0]LogConfig: Setting CVar [[r.VolumetricFog:1]]
[2020.02.09-17.24.16:128][  0]LogConfig: Setting CVar [[r.VolumetricFog.GridPixelSize:8]]
[2020.02.09-17.24.16:128][  0]LogConfig: Setting CVar [[r.VolumetricFog.GridSizeZ:128]]
[2020.02.09-17.24.16:128][  0]LogConfig: Setting CVar [[r.VolumetricFog.HistoryMissSupersampleCount:4]]
[2020.02.09-17.24.16:128][  0]LogConfig: Setting CVar [[r.LightMaxDrawDistanceScale:1]]
[2020.02.09-17.24.16:128][  0]LogConfig: Setting CVar [[r.CapsuleShadows:1]]
[2020.02.09-17.24.16:128][  0]LogConfig: Applying CVar settings from Section [PostProcessQuality@3] File [C:/Users/Максим/Downloads/Shooter2/Shooter2/Saved/Config/Windows/Scalability.ini]
[2020.02.09-17.24.16:128][  0]LogConfig: Setting CVar [[r.MotionBlurQuality:4]]
[2020.02.09-17.24.16:128][  0]LogConfig: Setting CVar [[r.AmbientOcclusionMipLevelFactor:0.4]]
[2020.02.09-17.24.16:128][  0]LogConfig: Setting CVar [[r.AmbientOcclusionMaxQuality:100]]
[2020.02.09-17.24.16:128][  0]LogConfig: Setting CVar [[r.AmbientOcclusionLevels:-1]]
[2020.02.09-17.24.16:128][  0]LogConfig: Setting CVar [[r.AmbientOcclusionRadiusScale:1.0]]
[2020.02.09-17.24.16:128][  0]LogConfig: Setting CVar [[r.DepthOfFieldQuality:2]]
[2020.02.09-17.24.16:128][  0]LogConfig: Setting CVar [[r.RenderTargetPoolMin:400]]
[2020.02.09-17.24.16:128][  0]LogConfig: Setting CVar [[r.LensFlareQuality:2]]
[2020.02.09-17.24.16:128][  0]LogConfig: Setting CVar [[r.SceneColorFringeQuality:1]]
[2020.02.09-17.24.16:128][  0]LogConfig: Setting CVar [[r.EyeAdaptationQuality:2]]
[2020.02.09-17.24.16:128][  0]LogConfig: Setting CVar [[r.BloomQuality:5]]
[2020.02.09-17.24.16:128][  0]LogConfig: Setting CVar [[r.FastBlurThreshold:100]]
[2020.02.09-17.24.16:128][  0]LogConfig: Setting CVar [[r.Upscale.Quality:3]]
[2020.02.09-17.24.16:128][  0]LogConfig: Setting CVar [[r.Tonemapper.GrainQuantization:1]]
[2020.02.09-17.24.16:128][  0]LogConfig: Setting CVar [[r.LightShaftQuality:1]]
[2020.02.09-17.24.16:128][  0]LogConfig: Setting CVar [[r.Filter.SizeScale:1]]
[2020.02.09-17.24.16:128][  0]LogConfig: Setting CVar [[r.Tonemapper.Quality:5]]
[2020.02.09-17.24.16:128][  0]LogConfig: Setting CVar [[r.DOF.Gather.AccumulatorQuality:1        ; higher gathering accumulator quality]]
[2020.02.09-17.24.16:128][  0]LogConfig: Setting CVar [[r.DOF.Gather.PostfilterMethod:1          ; Median3x3 postfilering method]]
[2020.02.09-17.24.16:128][  0]LogConfig: Setting CVar [[r.DOF.Gather.EnableBokehSettings:0       ; no bokeh simulation when gathering]]
[2020.02.09-17.24.16:128][  0]LogConfig: Setting CVar [[r.DOF.Gather.RingCount:4                 ; medium number of samples when gathering]]
[2020.02.09-17.24.16:128][  0]LogConfig: Setting CVar [[r.DOF.Scatter.ForegroundCompositing:1    ; additive foreground scattering]]
[2020.02.09-17.24.16:128][  0]LogConfig: Setting CVar [[r.DOF.Scatter.BackgroundCompositing:2    ; additive background scattering]]
[2020.02.09-17.24.16:128][  0]LogConfig: Setting CVar [[r.DOF.Scatter.EnableBokehSettings:1      ; bokeh simulation when scattering]]
[2020.02.09-17.24.16:128][  0]LogConfig: Setting CVar [[r.DOF.Scatter.MaxSpriteRatio:0.1         ; only a maximum of 10% of scattered bokeh]]
[2020.02.09-17.24.16:128][  0]LogConfig: Setting CVar [[r.DOF.Recombine.Quality:1                ; cheap slight out of focus]]
[2020.02.09-17.24.16:128][  0]LogConfig: Setting CVar [[r.DOF.Recombine.EnableBokehSettings:0    ; no bokeh simulation on slight out of focus]]
[2020.02.09-17.24.16:128][  0]LogConfig: Setting CVar [[r.DOF.TemporalAAQuality:1                ; more stable temporal accumulation]]
[2020.02.09-17.24.16:128][  0]LogConfig: Setting CVar [[r.DOF.Kernel.MaxForegroundRadius:0.025]]
[2020.02.09-17.24.16:128][  0]LogConfig: Setting CVar [[r.DOF.Kernel.MaxBackgroundRadius:0.025]]
[2020.02.09-17.24.16:128][  0]LogConfig: Applying CVar settings from Section [TextureQuality@3] File [C:/Users/Максим/Downloads/Shooter2/Shooter2/Saved/Config/Windows/Scalability.ini]
[2020.02.09-17.24.16:128][  0]LogConfig: Setting CVar [[r.Streaming.MipBias:0]]
[2020.02.09-17.24.16:128][  0]LogConfig: Setting CVar [[r.Streaming.AmortizeCPUToGPUCopy:0]]
[2020.02.09-17.24.16:128][  0]LogConfig: Setting CVar [[r.Streaming.MaxNumTexturesToStreamPerFrame:0]]
[2020.02.09-17.24.16:128][  0]LogConfig: Setting CVar [[r.Streaming.Boost:1]]
[2020.02.09-17.24.16:128][  0]LogConfig: Setting CVar [[r.MaxAnisotropy:8]]
[2020.02.09-17.24.16:128][  0]LogConfig: Setting CVar [[r.VT.MaxAnisotropy:8]]
[2020.02.09-17.24.16:128][  0]LogConfig: Setting CVar [[r.Streaming.LimitPoolSizeToVRAM:0]]
[2020.02.09-17.24.16:128][  0]LogConfig: Setting CVar [[r.Streaming.PoolSize:1000]]
[2020.02.09-17.24.16:128][  0]LogConfig: Setting CVar [[r.Streaming.MaxEffectiveScreenSize:0]]
[2020.02.09-17.24.16:128][  0]LogConfig: Applying CVar settings from Section [EffectsQuality@3] File [C:/Users/Максим/Downloads/Shooter2/Shooter2/Saved/Config/Windows/Scalability.ini]
[2020.02.09-17.24.16:128][  0]LogConfig: Setting CVar [[r.TranslucencyLightingVolumeDim:64]]
[2020.02.09-17.24.16:128][  0]LogConfig: Setting CVar [[r.RefractionQuality:2]]
[2020.02.09-17.24.16:128][  0]LogConfig: Setting CVar [[r.SSR.Quality:3]]
[2020.02.09-17.24.16:128][  0]LogConfig: Setting CVar [[r.SSR.HalfResSceneColor:0]]
[2020.02.09-17.24.16:128][  0]LogConfig: Setting CVar [[r.SceneColorFormat:4]]
[2020.02.09-17.24.16:128][  0]LogConfig: Setting CVar [[r.DetailMode:2]]
[2020.02.09-17.24.16:128][  0]LogConfig: Setting CVar [[r.TranslucencyVolumeBlur:1]]
[2020.02.09-17.24.16:129][  0]LogConfig: Setting CVar [[r.MaterialQualityLevel:1 ; High quality]]
[2020.02.09-17.24.16:129][  0]LogConfig: Setting CVar [[r.SSS.Scale:1]]
[2020.02.09-17.24.16:129][  0]LogConfig: Setting CVar [[r.SSS.SampleSet:2]]
[2020.02.09-17.24.16:129][  0]LogConfig: Setting CVar [[r.SSS.Quality:1]]
[2020.02.09-17.24.16:129][  0]LogConfig: Setting CVar [[r.SSS.HalfRes:1]]
[2020.02.09-17.24.16:129][  0]LogConfig: Setting CVar [[r.SSGI.Quality:3]]
[2020.02.09-17.24.16:129][  0]LogConfig: Setting CVar [[r.EmitterSpawnRateScale:1.0]]
[2020.02.09-17.24.16:129][  0]LogConfig: Setting CVar [[r.ParticleLightQuality:2]]
[2020.02.09-17.24.16:129][  0]LogConfig: Setting CVar [[r.SkyAtmosphere.AerialPerspectiveLUT.FastApplyOnOpaque:1 ; Always have FastSkyLUT 1 in this case to avoid wrong sky]]
[2020.02.09-17.24.16:129][  0]LogConfig: Setting CVar [[r.SkyAtmosphere.AerialPerspectiveLUT.SampleCountPerSlice:1]]
[2020.02.09-17.24.16:129][  0]LogConfig: Setting CVar [[r.SkyAtmosphere.AerialPerspectiveLUT.DepthResolution:16.0]]
[2020.02.09-17.24.16:129][  0]LogConfig: Setting CVar [[r.SkyAtmosphere.FastSkyLUT:1]]
[2020.02.09-17.24.16:129][  0]LogConfig: Setting CVar [[r.SkyAtmosphere.FastSkyLUT.SampleCountMin:4.0]]
[2020.02.09-17.24.16:129][  0]LogConfig: Setting CVar [[r.SkyAtmosphere.FastSkyLUT.SampleCountMax:32.0]]
[2020.02.09-17.24.16:129][  0]LogConfig: Setting CVar [[r.SkyAtmosphere.SampleCountMin:4.0]]
[2020.02.09-17.24.16:129][  0]LogConfig: Setting CVar [[r.SkyAtmosphere.SampleCountMax:32.0]]
[2020.02.09-17.24.16:129][  0]LogConfig: Setting CVar [[r.SkyAtmosphere.TransmittanceLUT.UseSmallFormat:0]]
[2020.02.09-17.24.16:129][  0]LogConfig: Setting CVar [[r.SkyAtmosphere.TransmittanceLUT.SampleCount:10.0]]
[2020.02.09-17.24.16:129][  0]LogConfig: Setting CVar [[r.SkyAtmosphere.MultiScatteringLUT.SampleCount:15.0]]
[2020.02.09-17.24.16:129][  0]LogConfig: Applying CVar settings from Section [FoliageQuality@3] File [C:/Users/Максим/Downloads/Shooter2/Shooter2/Saved/Config/Windows/Scalability.ini]
[2020.02.09-17.24.16:129][  0]LogConfig: Setting CVar [[foliage.DensityScale:1.0]]
[2020.02.09-17.24.16:129][  0]LogConfig: Setting CVar [[grass.DensityScale:1.0]]
[2020.02.09-17.24.16:129][  0]LogConfig: Applying CVar settings from Section [ShadingQuality@3] File [C:/Users/Максим/Downloads/Shooter2/Shooter2/Saved/Config/Windows/Scalability.ini]
[2020.02.09-17.24.16:129][  0]LogConfig: Setting CVar [[r.HairStrands.SkyLighting.SampleCount:16]]
[2020.02.09-17.24.16:129][  0]LogConfig: Setting CVar [[r.HairStrands.SkyLighting.JitterIntegration:0]]
[2020.02.09-17.24.16:129][  0]LogConfig: Setting CVar [[r.HairStrands.SkyAO.SampleCount:16]]
[2020.02.09-17.24.16:129][  0]LogInit: Selected Device Profile: [Windows]
[2020.02.09-17.24.16:129][  0]LogInit: Applying CVar settings loaded from the selected device profile: [Windows]
[2020.02.09-17.24.16:197][  0]LogHAL: Display: Platform has ~ 8 GB [8470130688 / 8589934592 / 8], which maps to Default [LargestMinGB=32, LargerMinGB=12, DefaultMinGB=8, SmallerMinGB=6, SmallestMinGB=0)
[2020.02.09-17.24.16:197][  0]LogInit: Going up to parent DeviceProfile []
[2020.02.09-17.24.16:197][  0]LogConfig: Applying CVar settings from Section [ViewDistanceQuality@1] File [C:/Users/Максим/Downloads/Shooter2/Shooter2/Saved/Config/Windows/Scalability.ini]
[2020.02.09-17.24.16:197][  0]LogConfig: Setting CVar [[r.SkeletalMeshLODBias:1]]
[2020.02.09-17.24.16:197][  0]LogConfig: Setting CVar [[r.ViewDistanceScale:0.6]]
[2020.02.09-17.24.16:197][  0]LogConfig: Applying CVar settings from Section [AntiAliasingQuality@2] File [C:/Users/Максим/Downloads/Shooter2/Shooter2/Saved/Config/Windows/Scalability.ini]
[2020.02.09-17.24.16:197][  0]LogConfig: Setting CVar [[r.PostProcessAAQuality:3]]
[2020.02.09-17.24.16:197][  0]LogConfig: Applying CVar settings from Section [ShadowQuality@3] File [C:/Users/Максим/Downloads/Shooter2/Shooter2/Saved/Config/Windows/Scalability.ini]
[2020.02.09-17.24.16:197][  0]LogConfig: Setting CVar [[r.LightFunctionQuality:1]]
[2020.02.09-17.24.16:197][  0]LogConfig: Setting CVar [[r.ShadowQuality:5]]
[2020.02.09-17.24.16:197][  0]LogConfig: Setting CVar [[r.Shadow.CSM.MaxCascades:10]]
[2020.02.09-17.24.16:197][  0]LogConfig: Setting CVar [[r.Shadow.MaxResolution:2048]]
[2020.02.09-17.24.16:197][  0]LogConfig: Setting CVar [[r.Shadow.MaxCSMResolution:2048]]
[2020.02.09-17.24.16:197][  0]LogConfig: Setting CVar [[r.Shadow.RadiusThreshold:0.01]]
[2020.02.09-17.24.16:197][  0]LogConfig: Setting CVar [[r.Shadow.DistanceScale:1.0]]
[2020.02.09-17.24.16:197][  0]LogConfig: Setting CVar [[r.Shadow.CSM.TransitionScale:1.0]]
[2020.02.09-17.24.16:197][  0]LogConfig: Setting CVar [[r.Shadow.PreShadowResolutionFactor:1.0]]
[2020.02.09-17.24.16:197][  0]LogConfig: Setting CVar [[r.DistanceFieldShadowing:1]]
[2020.02.09-17.24.16:197][  0]LogConfig: Setting CVar [[r.DistanceFieldAO:1]]
[2020.02.09-17.24.16:197][  0]LogConfig: Setting CVar [[r.AOQuality:2]]
[2020.02.09-17.24.16:197][  0]LogConfig: Setting CVar [[r.VolumetricFog:1]]
[2020.02.09-17.24.16:197][  0]LogConfig: Setting CVar [[r.VolumetricFog.GridPixelSize:8]]
[2020.02.09-17.24.16:197][  0]LogConfig: Setting CVar [[r.VolumetricFog.GridSizeZ:128]]
[2020.02.09-17.24.16:197][  0]LogConfig: Setting CVar [[r.VolumetricFog.HistoryMissSupersampleCount:4]]
[2020.02.09-17.24.16:197][  0]LogConfig: Setting CVar [[r.LightMaxDrawDistanceScale:1]]
[2020.02.09-17.24.16:197][  0]LogConfig: Setting CVar [[r.CapsuleShadows:1]]
[2020.02.09-17.24.16:197][  0]LogConfig: Applying CVar settings from Section [PostProcessQuality@3] File [C:/Users/Максим/Downloads/Shooter2/Shooter2/Saved/Config/Windows/Scalability.ini]
[2020.02.09-17.24.16:197][  0]LogConfig: Setting CVar [[r.MotionBlurQuality:4]]
[2020.02.09-17.24.16:197][  0]LogConfig: Setting CVar [[r.AmbientOcclusionMipLevelFactor:0.4]]
[2020.02.09-17.24.16:197][  0]LogConfig: Setting CVar [[r.AmbientOcclusionMaxQuality:100]]
[2020.02.09-17.24.16:197][  0]LogConfig: Setting CVar [[r.AmbientOcclusionLevels:-1]]
[2020.02.09-17.24.16:197][  0]LogConfig: Setting CVar [[r.AmbientOcclusionRadiusScale:1.0]]
[2020.02.09-17.24.16:197][  0]LogConfig: Setting CVar [[r.DepthOfFieldQuality:2]]
[2020.02.09-17.24.16:197][  0]LogConfig: Setting CVar [[r.RenderTargetPoolMin:400]]
[2020.02.09-17.24.16:197][  0]LogConfig: Setting CVar [[r.LensFlareQuality:2]]
[2020.02.09-17.24.16:197][  0]LogConfig: Setting CVar [[r.SceneColorFringeQuality:1]]
[2020.02.09-17.24.16:197][  0]LogConfig: Setting CVar [[r.EyeAdaptationQuality:2]]
[2020.02.09-17.24.16:197][  0]LogConfig: Setting CVar [[r.BloomQuality:5]]
[2020.02.09-17.24.16:197][  0]LogConfig: Setting CVar [[r.FastBlurThreshold:100]]
[2020.02.09-17.24.16:197][  0]LogConfig: Setting CVar [[r.Upscale.Quality:3]]
[2020.02.09-17.24.16:197][  0]LogConfig: Setting CVar [[r.Tonemapper.GrainQuantization:1]]
[2020.02.09-17.24.16:197][  0]LogConfig: Setting CVar [[r.LightShaftQuality:1]]
[2020.02.09-17.24.16:198][  0]LogConfig: Setting CVar [[r.Filter.SizeScale:1]]
[2020.02.09-17.24.16:198][  0]LogConfig: Setting CVar [[r.Tonemapper.Quality:5]]
[2020.02.09-17.24.16:198][  0]LogConfig: Setting CVar [[r.DOF.Gather.AccumulatorQuality:1        ; higher gathering accumulator quality]]
[2020.02.09-17.24.16:198][  0]LogConfig: Setting CVar [[r.DOF.Gather.PostfilterMethod:1          ; Median3x3 postfilering method]]
[2020.02.09-17.24.16:198][  0]LogConfig: Setting CVar [[r.DOF.Gather.EnableBokehSettings:0       ; no bokeh simulation when gathering]]
[2020.02.09-17.24.16:198][  0]LogConfig: Setting CVar [[r.DOF.Gather.RingCount:4                 ; medium number of samples when gathering]]
[2020.02.09-17.24.16:198][  0]LogConfig: Setting CVar [[r.DOF.Scatter.ForegroundCompositing:1    ; additive foreground scattering]]
[2020.02.09-17.24.16:198][  0]LogConfig: Setting CVar [[r.DOF.Scatter.BackgroundCompositing:2    ; additive background scattering]]
[2020.02.09-17.24.16:198][  0]LogConfig: Setting CVar [[r.DOF.Scatter.EnableBokehSettings:1      ; bokeh simulation when scattering]]
[2020.02.09-17.24.16:198][  0]LogConfig: Setting CVar [[r.DOF.Scatter.MaxSpriteRatio:0.1         ; only a maximum of 10% of scattered bokeh]]
[2020.02.09-17.24.16:198][  0]LogConfig: Setting CVar [[r.DOF.Recombine.Quality:1                ; cheap slight out of focus]]
[2020.02.09-17.24.16:198][  0]LogConfig: Setting CVar [[r.DOF.Recombine.EnableBokehSettings:0    ; no bokeh simulation on slight out of focus]]
[2020.02.09-17.24.16:198][  0]LogConfig: Setting CVar [[r.DOF.TemporalAAQuality:1                ; more stable temporal accumulation]]
[2020.02.09-17.24.16:198][  0]LogConfig: Setting CVar [[r.DOF.Kernel.MaxForegroundRadius:0.025]]
[2020.02.09-17.24.16:198][  0]LogConfig: Setting CVar [[r.DOF.Kernel.MaxBackgroundRadius:0.025]]
[2020.02.09-17.24.16:198][  0]LogConfig: Applying CVar settings from Section [TextureQuality@1] File [C:/Users/Максим/Downloads/Shooter2/Shooter2/Saved/Config/Windows/Scalability.ini]
[2020.02.09-17.24.16:198][  0]LogConfig: Setting CVar [[r.Streaming.MipBias:1]]
[2020.02.09-17.24.16:198][  0]LogConfig: Setting CVar [[r.Streaming.AmortizeCPUToGPUCopy:0]]
[2020.02.09-17.24.16:198][  0]LogConfig: Setting CVar [[r.Streaming.MaxNumTexturesToStreamPerFrame:0]]
[2020.02.09-17.24.16:198][  0]LogConfig: Setting CVar [[r.Streaming.Boost:1]]
[2020.02.09-17.24.16:198][  0]LogConfig: Setting CVar [[r.MaxAnisotropy:2]]
[2020.02.09-17.24.16:198][  0]LogConfig: Setting CVar [[r.VT.MaxAnisotropy:4]]
[2020.02.09-17.24.16:198][  0]LogConfig: Setting CVar [[r.Streaming.LimitPoolSizeToVRAM:1]]
[2020.02.09-17.24.16:198][  0]LogConfig: Setting CVar [[r.Streaming.PoolSize:600]]
[2020.02.09-17.24.16:198][  0]LogConfig: Setting CVar [[r.Streaming.MaxEffectiveScreenSize:0]]
[2020.02.09-17.24.16:198][  0]LogConfig: Applying CVar settings from Section [EffectsQuality@1] File [C:/Users/Максим/Downloads/Shooter2/Shooter2/Saved/Config/Windows/Scalability.ini]
[2020.02.09-17.24.16:198][  0]LogConfig: Setting CVar [[r.TranslucencyLightingVolumeDim:32]]
[2020.02.09-17.24.16:198][  0]LogConfig: Setting CVar [[r.RefractionQuality:0]]
[2020.02.09-17.24.16:198][  0]LogConfig: Setting CVar [[r.SSR.Quality:0]]
[2020.02.09-17.24.16:198][  0]LogConfig: Setting CVar [[r.SSR.HalfResSceneColor:1]]
[2020.02.09-17.24.16:198][  0]LogConfig: Setting CVar [[r.SceneColorFormat:3]]
[2020.02.09-17.24.16:198][  0]LogConfig: Setting CVar [[r.DetailMode:1]]
[2020.02.09-17.24.16:198][  0]LogConfig: Setting CVar [[r.TranslucencyVolumeBlur:0]]
[2020.02.09-17.24.16:198][  0]LogConfig: Setting CVar [[r.MaterialQualityLevel:2 ; Medium quality]]
[2020.02.09-17.24.16:198][  0]LogConfig: Setting CVar [[r.SSS.Scale:0.75]]
[2020.02.09-17.24.16:198][  0]LogConfig: Setting CVar [[r.SSS.SampleSet:0]]
[2020.02.09-17.24.16:198][  0]LogConfig: Setting CVar [[r.SSS.Quality:0]]
[2020.02.09-17.24.16:198][  0]LogConfig: Setting CVar [[r.SSS.HalfRes:1]]
[2020.02.09-17.24.16:198][  0]LogConfig: Setting CVar [[r.SSGI.Quality:1]]
[2020.02.09-17.24.16:198][  0]LogConfig: Setting CVar [[r.EmitterSpawnRateScale:0.25]]
[2020.02.09-17.24.16:198][  0]LogConfig: Setting CVar [[r.ParticleLightQuality:0]]
[2020.02.09-17.24.16:198][  0]LogConfig: Setting CVar [[r.SkyAtmosphere.AerialPerspectiveLUT.FastApplyOnOpaque:1 ; Always have FastSkyLUT 1 in this case to avoid wrong sky]]
[2020.02.09-17.24.16:198][  0]LogConfig: Setting CVar [[r.SkyAtmosphere.AerialPerspectiveLUT.SampleCountPerSlice:1]]
[2020.02.09-17.24.16:198][  0]LogConfig: Setting CVar [[r.SkyAtmosphere.AerialPerspectiveLUT.DepthResolution:16.0]]
[2020.02.09-17.24.16:198][  0]LogConfig: Setting CVar [[r.SkyAtmosphere.FastSkyLUT:1]]
[2020.02.09-17.24.16:198][  0]LogConfig: Setting CVar [[r.SkyAtmosphere.FastSkyLUT.SampleCountMin:4.0]]
[2020.02.09-17.24.16:198][  0]LogConfig: Setting CVar [[r.SkyAtmosphere.FastSkyLUT.SampleCountMax:32.0]]
[2020.02.09-17.24.16:198][  0]LogConfig: Setting CVar [[r.SkyAtmosphere.SampleCountMin:4.0]]
[2020.02.09-17.24.16:198][  0]LogConfig: Setting CVar [[r.SkyAtmosphere.SampleCountMax:32.0]]
[2020.02.09-17.24.16:198][  0]LogConfig: Setting CVar [[r.SkyAtmosphere.TransmittanceLUT.UseSmallFormat:0]]
[2020.02.09-17.24.16:198][  0]LogConfig: Setting CVar [[r.SkyAtmosphere.TransmittanceLUT.SampleCount:10.0]]
[2020.02.09-17.24.16:198][  0]LogConfig: Setting CVar [[r.SkyAtmosphere.MultiScatteringLUT.SampleCount:15.0]]
[2020.02.09-17.24.16:198][  0]LogConfig: Applying CVar settings from Section [FoliageQuality@1] File [C:/Users/Максим/Downloads/Shooter2/Shooter2/Saved/Config/Windows/Scalability.ini]
[2020.02.09-17.24.16:198][  0]LogConfig: Setting CVar [[foliage.DensityScale:0.4]]
[2020.02.09-17.24.16:198][  0]LogConfig: Setting CVar [[grass.DensityScale:0.4]]
[2020.02.09-17.24.16:198][  0]LogConfig: Applying CVar settings from Section [ShadingQuality@3] File [C:/Users/Максим/Downloads/Shooter2/Shooter2/Saved/Config/Windows/Scalability.ini]
[2020.02.09-17.24.16:198][  0]LogConfig: Setting CVar [[r.HairStrands.SkyLighting.SampleCount:16]]
[2020.02.09-17.24.16:198][  0]LogConfig: Setting CVar [[r.HairStrands.SkyLighting.JitterIntegration:0]]
[2020.02.09-17.24.16:198][  0]LogConfig: Setting CVar [[r.HairStrands.SkyAO.SampleCount:16]]
[2020.02.09-17.24.16:198][  0]LogConfig: Applying CVar settings from Section [Startup] File [../../../Engine/Config/ConsoleVariables.ini]
[2020.02.09-17.24.16:238][  0]LogConfig: Setting CVar [[net.UseAdaptiveNetUpdateFrequency:0]]
[2020.02.09-17.24.16:238][  0]LogConfig: Setting CVar [[p.chaos.AllowCreatePhysxBodies:1]]
[2020.02.09-17.24.16:238][  0]LogConfig: Applying CVar settings from Section [ConsoleVariables] File [C:/Users/Максим/Downloads/Shooter2/Shooter2/Saved/Config/Windows/Engine.ini]
[2020.02.09-17.24.16:238][  0]LogInit: Computer: ZEPO
[2020.02.09-17.24.16:238][  0]LogInit: User: Максим
[2020.02.09-17.24.16:238][  0]LogInit: CPU Page size=4096, Cores=4
[2020.02.09-17.24.16:238][  0]LogInit: High frequency timer resolution =2.338449 MHz
[2020.02.09-17.24.16:239][  0]LogMemory: Memory total: Physical=7.9GB (8GB approx)
[2020.02.09-17.24.16:239][  0]LogMemory: Platform Memory Stats for Windows
[2020.02.09-17.24.16:239][  0]LogMemory: Process Physical Memory: 105.88 MB used, 105.88 MB peak
[2020.02.09-17.24.16:239][  0]LogMemory: Process Virtual Memory: 100.89 MB used, 100.89 MB peak
[2020.02.09-17.24.16:239][  0]LogMemory: Physical Memory: 4125.84 MB used,  3951.91 MB free, 8077.75 MB total
[2020.02.09-17.24.16:239][  0]LogMemory: Virtual Memory: 990.54 MB used,  134216736.00 MB free, 134217728.00 MB total
[2020.02.09-17.24.16:284][  0]LogWindows: WindowsPlatformFeatures enabled
[2020.02.09-17.24.18:338][  0]LogInit: Using OS detected language (ru-RU).
[2020.02.09-17.24.18:338][  0]LogInit: Using OS detected locale (ru-RU).
[2020.02.09-17.24.18:395][  0]LogTextLocalizationManager: No specific localization for 'ru-RU' exists, so the 'ru' localization will be used.
[2020.02.09-17.24.18:395][  0]LogTextLocalizationResource: LocRes '../../../Engine/Content/Localization/Editor/ru/Editor.locres' could not be opened for reading!
[2020.02.09-17.24.18:396][  0]LogTextLocalizationResource: LocRes '../../../Engine/Content/Localization/EditorTutorials/ru/EditorTutorials.locres' could not be opened for reading!
[2020.02.09-17.24.18:396][  0]LogTextLocalizationResource: LocRes '../../../Engine/Content/Localization/Keywords/ru/Keywords.locres' could not be opened for reading!
[2020.02.09-17.24.18:396][  0]LogTextLocalizationResource: LocRes '../../../Engine/Content/Localization/Category/ru/Category.locres' could not be opened for reading!
[2020.02.09-17.24.18:401][  0]LogTextLocalizationResource: LocRes '../../../Engine/Content/Localization/ToolTips/ru/ToolTips.locres' could not be opened for reading!
[2020.02.09-17.24.18:407][  0]LogTextLocalizationResource: LocRes '../../../Engine/Content/Localization/PropertyNames/ru/PropertyNames.locres' could not be opened for reading!
[2020.02.09-17.24.18:407][  0]LogTextLocalizationResource: LocRes '../../../Engine/Content/Localization/Engine/ru/Engine.locres' could not be opened for reading!
[2020.02.09-17.24.19:249][  0]LogSlate: New Slate User Created.  User Index 0, Is Virtual User: 0
[2020.02.09-17.24.19:249][  0]LogSlate: Slate User Registered.  User Index 0, Is Virtual User: 0
[2020.02.09-17.24.20:357][  0]LogHMD: Failed to initialize OpenVR with code 110
[2020.02.09-17.24.20:357][  0]LogD3D11RHI: D3D11 min allowed feature level: 11_0
[2020.02.09-17.24.20:357][  0]LogD3D11RHI: D3D11 max allowed feature level: 11_0
[2020.02.09-17.24.20:357][  0]LogD3D11RHI: D3D11 adapters:
[2020.02.09-17.24.20:399][  0]LogD3D11RHI:    0. 'NVIDIA GeForce GT 740M  ' (Feature Level 11_0)
[2020.02.09-17.24.20:399][  0]LogD3D11RHI:       1988/0/2048 MB DedicatedVideo/DedicatedSystem/SharedSystem, Outputs:1, VendorId:0x10de
[2020.02.09-17.24.20:429][  0]LogD3D11RHI:    1. 'NVIDIA GeForce GT 740M  ' (Feature Level 11_0)
[2020.02.09-17.24.20:429][  0]LogD3D11RHI:       1988/0/2048 MB DedicatedVideo/DedicatedSystem/SharedSystem, Outputs:0, VendorId:0x10de
[2020.02.09-17.24.20:430][  0]LogD3D11RHI:    2. 'Microsoft Basic Render Driver' (Feature Level 11_0)
[2020.02.09-17.24.20:430][  0]LogD3D11RHI:       1988/0/2048 MB DedicatedVideo/DedicatedSystem/SharedSystem, Outputs:0, VendorId:0x1414
[2020.02.09-17.24.20:430][  0]LogD3D11RHI: Chosen D3D11 Adapter: 0
[2020.02.09-17.24.20:442][  0]LogD3D11RHI: Creating new Direct3DDevice
[2020.02.09-17.24.20:442][  0]LogD3D11RHI:     GPU DeviceId: 0xfdf (for the marketing name, search the web for "GPU Device Id")
[2020.02.09-17.24.20:442][  0]LogWindows: EnumDisplayDevices:
[2020.02.09-17.24.20:442][  0]LogWindows:    0. 'Intel(R) HD Graphics 4000' (P:1 D:1)
[2020.02.09-17.24.20:442][  0]LogWindows:    1. 'Intel(R) HD Graphics 4000' (P:0 D:0)
[2020.02.09-17.24.20:442][  0]LogWindows:    2. 'Intel(R) HD Graphics 4000' (P:0 D:0)
[2020.02.09-17.24.20:443][  0]LogWindows:    3. 'NVIDIA GeForce GT 740M  ' (P:0 D:0)
[2020.02.09-17.24.20:443][  0]LogWindows: DebugString: PrimaryIsNotTheChoosenAdapter PrimaryIsNotTheChoosenAdapter PrimaryIsNotTheChoosenAdapter 
[2020.02.09-17.24.20:443][  0]LogD3D11RHI:     Adapter Name: NVIDIA GeForce GT 740M  
[2020.02.09-17.24.20:443][  0]LogD3D11RHI:   Driver Version: 359.46 (internal:10.18.13.5946, unified:359.46)
[2020.02.09-17.24.20:443][  0]LogD3D11RHI:      Driver Date: 2-15-2016
[2020.02.09-17.24.20:443][  0]LogRHI: Texture pool is 1392 MB (70% of 1988 MB)
[2020.02.09-17.24.20:543][  0]LogD3D11RHI: RHI does not have support for 64 bit atomics
[2020.02.09-17.24.20:611][  0]LogD3D11RHI: NvAPI_D3D_GetCurrentSLIState failed: 0xfffffff7
[2020.02.09-17.24.20:611][  0]LogD3D11RHI: Async texture creation enabled
[2020.02.09-17.24.20:648][  0]LogD3D11RHI: GPU Timing Frequency: 1000.000000 (Debug: 2 2)
[2020.02.09-17.24.24:623][  0]LogTargetPlatformManager: Display: Loaded TargetPlatform 'AllDesktop'
[2020.02.09-17.24.24:669][  0]LogTargetPlatformManager: Display: Loaded TargetPlatform 'Android'
[2020.02.09-17.24.24:669][  0]LogTargetPlatformManager: Display: Loaded TargetPlatform 'Android_ASTC'
[2020.02.09-17.24.24:669][  0]LogTargetPlatformManager: Display: Loaded TargetPlatform 'Android_ATC'
[2020.02.09-17.24.24:669][  0]LogTargetPlatformManager: Display: Loaded TargetPlatform 'Android_DXT'
[2020.02.09-17.24.24:669][  0]LogTargetPlatformManager: Display: Loaded TargetPlatform 'Android_ETC1'
[2020.02.09-17.24.24:669][  0]LogTargetPlatformManager: Display: Loaded TargetPlatform 'Android_ETC1a'
[2020.02.09-17.24.24:669][  0]LogTargetPlatformManager: Display: Loaded TargetPlatform 'Android_ETC2'
[2020.02.09-17.24.24:669][  0]LogTargetPlatformManager: Display: Loaded TargetPlatform 'Android_PVRTC'
[2020.02.09-17.24.24:669][  0]LogTargetPlatformManager: Display: Loaded TargetPlatform 'AndroidClient'
[2020.02.09-17.24.24:669][  0]LogTargetPlatformManager: Display: Loaded TargetPlatform 'Android_ASTCClient'
[2020.02.09-17.24.24:669][  0]LogTargetPlatformManager: Display: Loaded TargetPlatform 'Android_ATCClient'
[2020.02.09-17.24.24:669][  0]LogTargetPlatformManager: Display: Loaded TargetPlatform 'Android_DXTClient'
[2020.02.09-17.24.24:669][  0]LogTargetPlatformManager: Display: Loaded TargetPlatform 'Android_ETC1Client'
[2020.02.09-17.24.24:669][  0]LogTargetPlatformManager: Display: Loaded TargetPlatform 'Android_ETC1aClient'
[2020.02.09-17.24.24:669][  0]LogTargetPlatformManager: Display: Loaded TargetPlatform 'Android_ETC2Client'
[2020.02.09-17.24.24:669][  0]LogTargetPlatformManager: Display: Loaded TargetPlatform 'Android_PVRTCClient'
[2020.02.09-17.24.24:669][  0]LogTargetPlatformManager: Display: Loaded TargetPlatform 'Android_Multi'
[2020.02.09-17.24.24:669][  0]LogTargetPlatformManager: Display: Loaded TargetPlatform 'Android_MultiClient'
[2020.02.09-17.24.24:944][  0]LogTargetPlatformManager: Display: Loaded TargetPlatform 'IOSClient'
[2020.02.09-17.24.24:944][  0]LogTargetPlatformManager: Display: Loaded TargetPlatform 'IOS'
[2020.02.09-17.24.25:024][  0]LogTargetPlatformManager: Display: Loaded TargetPlatform 'LinuxNoEditor'
[2020.02.09-17.24.25:252][  0]LogTargetPlatformManager: Display: Loaded TargetPlatform 'LinuxClient'
[2020.02.09-17.24.25:334][  0]LogTargetPlatformManager: Display: Loaded TargetPlatform 'LinuxServer'
[2020.02.09-17.24.25:401][  0]LogTargetPlatformManager: Display: Loaded TargetPlatform 'LinuxAArch64NoEditor'
[2020.02.09-17.24.25:533][  0]LogTargetPlatformManager: Display: Loaded TargetPlatform 'LinuxAArch64Client'
[2020.02.09-17.24.25:660][  0]LogTargetPlatformManager: Display: Loaded TargetPlatform 'LinuxAArch64Server'
[2020.02.09-17.24.25:755][  0]LogTargetPlatformManager: Display: Loaded TargetPlatform 'Lumin'
[2020.02.09-17.24.25:755][  0]LogTargetPlatformManager: Display: Loaded TargetPlatform 'LuminClient'
[2020.02.09-17.24.25:820][  0]LogTargetPlatformManager: Display: Loaded TargetPlatform 'TVOSClient'
[2020.02.09-17.24.25:820][  0]LogTargetPlatformManager: Display: Loaded TargetPlatform 'TVOS'
[2020.02.09-17.24.25:898][  0]LogTargetPlatformManager: Display: Loaded TargetPlatform 'WindowsNoEditor'
[2020.02.09-17.24.26:095][  0]LogTargetPlatformManager: Display: Loaded TargetPlatform 'Windows'
[2020.02.09-17.24.26:225][  0]LogTargetPlatformManager: Display: Loaded TargetPlatform 'WindowsClient'
[2020.02.09-17.24.26:333][  0]LogTargetPlatformManager: Display: Loaded TargetPlatform 'WindowsServer'
[2020.02.09-17.24.26:333][  0]LogTargetPlatformManager: Display: Building Assets For Windows
[2020.02.09-17.24.26:807][  0]LogAudioDebug: Display: Lib vorbis DLL was dynamically loaded.
[2020.02.09-17.24.29:331][  0]LogShaderCompilers: Guid format shader working directory is 4 characters bigger than the processId version (C:/Users/Максим/Downloads/Shooter2/Shooter2/Intermediate/Shaders/WorkingDirectory/4272/).
[2020.02.09-17.24.29:331][  0]LogShaderCompilers: Cleaned the shader compiler working directory 'C:/Users/Максим/AppData/Local/Temp/UnrealShaderWorkingDir/9395A18A4C08FC011ABE9A817F6551F0/'.
[2020.02.09-17.24.29:333][  0]LogXGEController: Cleaning working directory: C:/Users/Максим/AppData/Local/Temp/UnrealXGEWorkingDir/
[2020.02.09-17.24.29:334][  0]LogXGEController: Cannot use XGE Controller as Incredibuild is not installed on this machine.
[2020.02.09-17.24.29:334][  0]LogShaderCompilers: Cannot use XGE Shader Compiler as Incredibuild is not installed on this machine.
[2020.02.09-17.24.29:334][  0]LogShaderCompilers: Display: Using Local Shader Compiler.
[2020.02.09-17.24.33:800][  0]LogDerivedDataCache: Display: Max Cache Size: 512 MB
[2020.02.09-17.24.35:387][  0]LogDerivedDataCache: Loaded boot cache 1.57s 78MB C:/Users/Максим/AppData/Local/UnrealEngine/4.24/DerivedDataCache/Boot.ddc.
[2020.02.09-17.24.35:387][  0]LogDerivedDataCache: Display: Loaded Boot cache: C:/Users/Максим/AppData/Local/UnrealEngine/4.24/DerivedDataCache/Boot.ddc
[2020.02.09-17.24.35:387][  0]LogDerivedDataCache: FDerivedDataBackendGraph:  Pak pak cache file C:/Users/Максим/Downloads/Shooter2/Shooter2/DerivedDataCache/DDC.ddp not found, will not use a pak cache.
[2020.02.09-17.24.35:387][  0]LogDerivedDataCache: Unable to find inner node Pak for hierarchical cache Hierarchy.
[2020.02.09-17.24.35:387][  0]LogDerivedDataCache: FDerivedDataBackendGraph:  CompressedPak pak cache file C:/Users/Максим/Downloads/Shooter2/Shooter2/DerivedDataCache/Compressed.ddp not found, will not use a pak cache.
[2020.02.09-17.24.35:387][  0]LogDerivedDataCache: Unable to find inner node CompressedPak for hierarchical cache Hierarchy.
[2020.02.09-17.24.35:709][  0]LogDerivedDataCache: Display: Pak cache opened for reading ../../../Engine/DerivedDataCache/Compressed.ddp.
[2020.02.09-17.24.35:710][  0]LogDerivedDataCache: FDerivedDataBackendGraph:  EnterprisePak pak cache file ../../../Enterprise/DerivedDataCache/Compressed.ddp not found, will not use a pak cache.
[2020.02.09-17.24.35:710][  0]LogDerivedDataCache: Unable to find inner node EnterprisePak for hierarchical cache Hierarchy.
[2020.02.09-17.24.35:713][  0]LogDerivedDataCache: Using Local data cache path C:/Users/Максим/AppData/Local/UnrealEngine/Common/DerivedDataCache: Writable
[2020.02.09-17.24.35:713][  0]LogDerivedDataCache: Shared data cache path not found in *engine.ini, will not use an Shared cache.
[2020.02.09-17.24.35:713][  0]LogDerivedDataCache: Unable to find inner node Shared for hierarchical cache Hierarchy.
[2020.02.09-17.24.35:748][  0]LogMaterial: Verifying Global Shaders for PCD3D_SM5
[2020.02.09-17.24.35:751][  0]LogSlate: Using FreeType 2.10.0
[2020.02.09-17.24.35:859][  0]LogSlate: SlateFontServices - WITH_FREETYPE: 1, WITH_HARFBUZZ: 1
[2020.02.09-17.24.38:393][  0]LogAssetRegistry: FAssetRegistry took 0.0034 seconds to start up
[2020.02.09-17.24.39:129][  0]LogInit: Selected Device Profile: [Windows]
[2020.02.09-17.24.44:879][  0]LogMeshReduction: Using QuadricMeshReduction for automatic static mesh reduction
[2020.02.09-17.24.44:879][  0]LogMeshReduction: Using SimplygonMeshReduction for automatic skeletal mesh reduction
[2020.02.09-17.24.44:879][  0]LogMeshReduction: Using ProxyLODMeshReduction for automatic mesh merging
[2020.02.09-17.24.44:879][  0]LogMeshReduction: No distributed automatic mesh merging module available
[2020.02.09-17.24.44:879][  0]LogMeshMerging: No distributed automatic mesh merging module available
[2020.02.09-17.24.45:718][  0]LogNetVersion: Shooter2 1.0.0, NetCL: 10570792, EngineNetVer: 13, GameNetVer: 0 (Checksum: 4054140700)
[2020.02.09-17.25.20:815][  0]LogAssetRegistry: Error: Failed to open file for write C:/Users/Максим/Downloads/Shooter2/Shooter2/Intermediate/AssetRegistryCache/e1183526.bin
[2020.02.09-17.25.20:902][  0]LogPackageLocalizationCache: Processed 10 localized package path(s) for 1 prioritized culture(s) in 0.111278 seconds
[2020.02.09-17.25.20:913][  0]LogUObjectArray: 46750 objects as part of root set at end of initial load.
[2020.02.09-17.25.20:913][  0]LogUObjectAllocator: 8137160 out of 0 bytes used by permanent object pool.
[2020.02.09-17.25.20:913][  0]LogUObjectArray: CloseDisregardForGC: 0/0 objects in disregard for GC pool
[2020.02.09-17.25.32:401][  0]LogTcpMessaging: Initializing TcpMessaging bridge
[2020.02.09-17.25.32:683][  0]LogUdpMessaging: Initializing bridge on interface 0.0.0.0:0 to multicast group 230.0.0.1:6666.
[2020.02.09-17.25.34:941][  0]SourceControl: Source control is disabled
[2020.02.09-17.25.34:941][  0]SourceControl: Source control is disabled
[2020.02.09-17.25.35:258][  0]SourceControl: Source control is disabled
[2020.02.09-17.25.35:377][  0]SourceControl: Source control is disabled
[2020.02.09-17.25.35:579][  0]SourceControl: Source control is disabled
[2020.02.09-17.25.39:818][  0]LogAndroidPermission: UAndroidPermissionCallbackProxy::GetInstance
[2020.02.09-17.25.40:343][  0]LogAudioCaptureCore: Display: No Audio Capture implementations found. Audio input will be silent.
[2020.02.09-17.25.40:343][  0]LogAudioCaptureCore: Display: No Audio Capture implementations found. Audio input will be silent.
[2020.02.09-17.25.41:754][  0]LogOcInput: OculusInput pre-init called
[2020.02.09-17.25.42:011][  0]LogWindows: Failed to load 'OVRPlugin.dll' (GetLastError=126)
[2020.02.09-17.25.42:012][  0]LogWindows: File 'OVRPlugin.dll' does not exist
[2020.02.09-17.25.42:805][  0]LogEngine: Initializing Engine...
[2020.02.09-17.25.42:806][  0]LogHMD: Failed to initialize OpenVR with code 110
[2020.02.09-17.25.42:807][  0]LogStats: UGameplayTagsManager::InitializeManager -  0.000 s
[2020.02.09-17.25.45:389][  0]LogInit: Initializing FReadOnlyCVARCache
[2020.02.09-17.25.45:684][  0]LogAIModule: Creating AISystem for world Untitled
[2020.02.09-17.25.45:861][  0]LogAudioMixer: Display: Audio Mixer Platform Settings:
[2020.02.09-17.25.45:861][  0]LogAudioMixer: Display: 	Sample Rate:						  48000
[2020.02.09-17.25.45:861][  0]LogAudioMixer: Display: 	Callback Buffer Frame Size Requested: 1024
[2020.02.09-17.25.45:861][  0]LogAudioMixer: Display: 	Callback Buffer Frame Size To Use:	  1024
[2020.02.09-17.25.45:861][  0]LogAudioMixer: Display: 	Number of buffers to queue:			  2
[2020.02.09-17.25.45:861][  0]LogAudioMixer: Display: 	Max Channels (voices):				  32
[2020.02.09-17.25.45:861][  0]LogAudioMixer: Display: 	Number of Async Source Workers:		  0
[2020.02.09-17.25.45:861][  0]LogAudio: Display: AudioDevice MaxSources: 32
[2020.02.09-17.25.45:861][  0]LogAudio: Display: Using built-in audio occlusion.
[2020.02.09-17.25.45:861][  0]LogAudioMixer: Display: Initializing audio mixer.
[2020.02.09-17.25.45:884][  0]LogAudioMixer: Display: Audio Device Output Speaker Info:
[2020.02.09-17.25.45:884][  0]LogAudioMixer: Display: Name: Speakers (Realtek High Definition Audio)
[2020.02.09-17.25.45:884][  0]LogAudioMixer: Display: Is Default: Yes
[2020.02.09-17.25.45:884][  0]LogAudioMixer: Display: Sample Rate: 48000
[2020.02.09-17.25.45:884][  0]LogAudioMixer: Display: Channel Count Used: 2
[2020.02.09-17.25.45:884][  0]LogAudioMixer: Display: Device Channel Count: 2
[2020.02.09-17.25.45:884][  0]LogAudioMixer: Display: Channel Order:
[2020.02.09-17.25.45:884][  0]LogAudioMixer: Display: 0: FrontLeft
[2020.02.09-17.25.45:884][  0]LogAudioMixer: Display: 1: FrontRight
[2020.02.09-17.25.45:896][  0]LogAudioMixer: Display: Using Audio Device Speakers (Realtek High Definition Audio)
[2020.02.09-17.25.45:898][  0]LogInit: FAudioDevice initialized.
[2020.02.09-17.25.45:898][  0]LogNetVersion: Set ProjectVersion to 1.0.0.0. Version Checksum will be recalculated on next use.
[2020.02.09-17.25.45:905][  0]LogDerivedDataCache: Error: Could not save memory cache C:/Users/Максим/AppData/Local/UnrealEngine/4.24/DerivedDataCache/Boot.ddc.
[2020.02.09-17.25.45:909][  0]LogInit: Texture streaming: Enabled
[2020.02.09-17.25.46:648][  0]LogEngineSessionManager: EngineSessionManager initialized
[2020.02.09-17.25.46:648][  0]LogEditorSessionSummary: Verbose: Initializing EditorSessionSummaryWriter for editor session tracking
[2020.02.09-17.25.46:649][  0]LogEditorSessionSummary: EditorSessionSummaryWriter initialized
[2020.02.09-17.25.46:992][  0]LogInit: Transaction tracking system initialized
[2020.02.09-17.25.48:279][  0]BlueprintLog: New page: Editor Load
[2020.02.09-17.25.50:607][  0]LocalizationService: Localization service is disabled
[2020.02.09-17.25.52:021][  0]LogLinker: Warning: Failed to load '/Game/ThirdPersonBP/ThirdPersonOverview': Can't find file.
[2020.02.09-17.25.52:021][  0]LogLinker: Warning: Failed to load '/Game/ThirdPersonBP/ThirdPersonOverview': Can't find file.
[2020.02.09-17.25.52:021][  0]LogUObjectGlobals: Warning: Failed to find object 'Class /Game/ThirdPersonBP/ThirdPersonOverview.ThirdPersonOverview_C'
[2020.02.09-17.25.58:493][  0]LogCook: Display: Max memory allowance for cook 16384mb min free memory 0mb
[2020.02.09-17.25.58:493][  0]LogCook: Display: Mobile HDR setting 1
[2020.02.09-17.25.59:005][  0]LogFileCache: Scanning file cache for directory 'C:/Users/Максим/Downloads/Shooter2/Shooter2/Content/' took 0.18s
[2020.02.09-17.26.08:196][  0]SourceControl: Source control is disabled
[2020.02.09-17.26.08:196][  0]Cmd: MAP LOAD FILE="C:/Users/Максим/Downloads/Shooter2/Shooter2/Content/Map/M_TestMap.umap" TEMPLATE=0 SHOWPROGRESS=1 FEATURELEVEL=3
[2020.02.09-17.26.08:372][  0]LightingResults: New page: Lighting Build
[2020.02.09-17.26.08:373][  0]LogWorld: UWorld::CleanupWorld for Untitled, bSessionEnded=true, bCleanupResources=true
[2020.02.09-17.26.08:373][  0]LogSlate: InvalidateAllWidgets triggered.  All widgets were invalidated
[2020.02.09-17.26.08:373][  0]MapCheck: New page: Map Check
[2020.02.09-17.26.08:373][  0]LightingResults: New page: Lighting Build
[2020.02.09-17.26.08:406][  0]LogUObjectHash: Compacting FUObjectHashTables data took   3.03ms
[2020.02.09-17.26.14:768][  0]LogAIModule: Creating AISystem for world M_TestMap
[2020.02.09-17.26.14:836][  0]LogEditorServer: Finished looking for orphan Actors (0.000 secs)
[2020.02.09-17.26.14:876][  0]LogUObjectHash: Compacting FUObjectHashTables data took   3.41ms
[2020.02.09-17.26.14:877][  0]Cmd: MAP CHECKDEP NOCLEARLOG
[2020.02.09-17.26.14:877][  0]MapCheck: Map check complete: 0 Error(s), 0 Warning(s), took 0,26ms to complete.
[2020.02.09-17.26.14:877][  0]LogFileHelpers: Loading map 'M_TestMap' took 6.682
[2020.02.09-17.26.15:302][  0]LogSlate: Updating window title bar state: overlay mode, drag disabled, window buttons hidden, title bar hidden
[2020.02.09-17.26.15:311][  0]LogSlate: Updating window title bar state: overlay mode, drag disabled, window buttons hidden, title bar hidden
[2020.02.09-17.26.15:320][  0]LogSlate: Updating window title bar state: overlay mode, drag disabled, window buttons hidden, title bar hidden
[2020.02.09-17.26.15:330][  0]LogSlate: Updating window title bar state: overlay mode, drag disabled, window buttons hidden, title bar hidden
[2020.02.09-17.26.15:660][  0]LogCollectionManager: Loaded 0 collections in 0.001289 seconds
[2020.02.09-17.26.15:676][  0]LogFileCache: Scanning file cache for directory 'C:/Users/Максим/Downloads/Shooter2/Shooter2/Saved/Collections/' took 0.00s
[2020.02.09-17.26.15:676][  0]LogFileCache: Scanning file cache for directory 'C:/Users/Максим/Downloads/Shooter2/Shooter2/Content/Developers/Максим/Collections/' took 0.00s
[2020.02.09-17.26.15:676][  0]LogFileCache: Scanning file cache for directory 'C:/Users/Максим/Downloads/Shooter2/Shooter2/Content/Collections/' took 0.00s
[2020.02.09-17.26.15:676][  0]LogContentBrowser: Native class hierarchy populated in 0.0107 seconds. Added 3015 classes and 717 folders.
[2020.02.09-17.26.15:681][  0]LogContentBrowser: Native class hierarchy updated for 'WidgetCarousel' in 0.0003 seconds. Added 0 classes and 0 folders.
[2020.02.09-17.26.18:672][  0]LogContentBrowser: Native class hierarchy updated for 'AddContentDialog' in 0.0003 seconds. Added 0 classes and 0 folders.
[2020.02.09-17.26.19:000][  0]LogContentBrowser: Native class hierarchy updated for 'SceneOutliner' in 0.0003 seconds. Added 2 classes and 3 folders.
[2020.02.09-17.26.19:468][  0]LogSlate: Took 0.123354 seconds to synchronously load lazily loaded font '../../../Engine/Content/Slate/Fonts/Roboto-Regular.ttf' (155K)
[2020.02.09-17.26.19:474][  0]LogSlate: Took 0.004696 seconds to synchronously load lazily loaded font '../../../Engine/Content/Slate/Fonts/Roboto-Bold.ttf' (160K)
[2020.02.09-17.26.19:552][  0]LogSlate: Took 0.071846 seconds to synchronously load lazily loaded font '../../../Engine/Content/Editor/Slate/Fonts/FontAwesome.ttf' (139K)
[2020.02.09-17.26.20:107][  0]LogRenderer: Reallocating scene render targets to support 820x364 Format 9 NumSamples 1 (Frame:1).
[2020.02.09-17.26.20:827][  0]LogContentBrowser: Native class hierarchy updated for 'HierarchicalLODOutliner' in 0.0003 seconds. Added 0 classes and 0 folders.
[2020.02.09-17.26.20:827][  0]LogLoad: (Engine Initialization) Total time: 161.03 seconds
[2020.02.09-17.26.20:827][  0]LogLoad: (Engine Initialization) Total Blueprint compile time: 0.00 seconds
[2020.02.09-17.26.21:070][  0]LogContentStreaming: Texture pool size now 600 MB
[2020.02.09-17.26.21:399][  0]LogSlate: Took 0.065524 seconds to synchronously load lazily loaded font '../../../Engine/Content/Slate/Fonts/Roboto-Light.ttf' (167K)
[2020.02.09-17.26.21:427][  1]LogFileCache: Retrieving MD5 hashes for directory 'C:/Users/Максим/Downloads/Shooter2/Shooter2/Content/' took 0.57s
[2020.02.09-17.26.23:820][ 24]LogAssetRegistry: Asset discovery search completed in 105.4272 seconds
[2020.02.09-17.26.23:824][ 24]LogCollectionManager: Fixed up redirectors for 0 collections in 0.000028 seconds (updated 0 objects)
[2020.02.09-17.35.50:128][464]LogTemp: Repeating last play command: New Editor Window (PIE)
[2020.02.09-17.35.50:143][464]LogBlueprintUserMessages: Early PlayInEditor Detection: Level '/Game/Map/M_TestMap.M_TestMap:PersistentLevel' has LevelScriptBlueprint '/Game/Map/M_TestMap.M_TestMap:PersistentLevel.M_TestMap' with GeneratedClass '/Game/Map/M_TestMap.M_TestMap_C' with ClassGeneratedBy '/Game/Map/M_TestMap.M_TestMap:PersistentLevel.M_TestMap'
[2020.02.09-17.35.50:143][464]LogPlayLevel: PlayLevel: No blueprints needed recompiling
[2020.02.09-17.35.50:144][464]PIE: New page: PIE session: M_TestMap (9 февр. 2020 г., 23:35:50)
[2020.02.09-17.35.50:145][464]LogOnline: OSS: Creating online subsystem instance for: NULL
[2020.02.09-17.35.50:146][464]LogOnline: OSS: TryLoadSubsystemAndSetDefault: Loaded subsystem for module [NULL]
[2020.02.09-17.35.50:146][464]LogPlayLevel: Creating play world package: /Game/Map/UEDPIE_0_M_TestMap
[2020.02.09-17.35.50:154][464]LogPlayLevel: PIE: StaticDuplicateObject took: (0.007545s)
[2020.02.09-17.35.50:156][464]LogAIModule: Creating AISystem for world M_TestMap
[2020.02.09-17.35.50:156][464]LogPlayLevel: PIE: World Init took: (0.002509s)
[2020.02.09-17.35.50:157][464]LogPlayLevel: PIE: Created PIE world by copying editor world from /Game/Map/M_TestMap.M_TestMap to /Game/Map/UEDPIE_0_M_TestMap.M_TestMap (0.010377s)
[2020.02.09-17.35.50:186][464]LogUObjectHash: Compacting FUObjectHashTables data took   2.17ms
[2020.02.09-17.35.50:191][464]LogAudioMixer: Display: Audio Mixer Platform Settings:
[2020.02.09-17.35.50:191][464]LogAudioMixer: Display: 	Sample Rate:						  48000
[2020.02.09-17.35.50:191][464]LogAudioMixer: Display: 	Callback Buffer Frame Size Requested: 1024
[2020.02.09-17.35.50:191][464]LogAudioMixer: Display: 	Callback Buffer Frame Size To Use:	  1024
[2020.02.09-17.35.50:191][464]LogAudioMixer: Display: 	Number of buffers to queue:			  2
[2020.02.09-17.35.50:192][464]LogAudioMixer: Display: 	Max Channels (voices):				  32
[2020.02.09-17.35.50:192][464]LogAudioMixer: Display: 	Number of Async Source Workers:		  0
[2020.02.09-17.35.50:192][464]LogAudio: Display: AudioDevice MaxSources: 32
[2020.02.09-17.35.50:192][464]LogAudio: Display: Using built-in audio occlusion.
[2020.02.09-17.35.50:192][464]LogAudioMixer: Display: Initializing audio mixer.
[2020.02.09-17.35.50:195][464]LogAudioMixer: Display: Audio Device Output Speaker Info:
[2020.02.09-17.35.50:196][464]LogAudioMixer: Display: Name: Speakers (Realtek High Definition Audio)
[2020.02.09-17.35.50:196][464]LogAudioMixer: Display: Is Default: Yes
[2020.02.09-17.35.50:196][464]LogAudioMixer: Display: Sample Rate: 48000
[2020.02.09-17.35.50:196][464]LogAudioMixer: Display: Channel Count Used: 2
[2020.02.09-17.35.50:196][464]LogAudioMixer: Display: Device Channel Count: 2
[2020.02.09-17.35.50:196][464]LogAudioMixer: Display: Channel Order:
[2020.02.09-17.35.50:196][464]LogAudioMixer: Display: 0: FrontLeft
[2020.02.09-17.35.50:196][464]LogAudioMixer: Display: 1: FrontRight
[2020.02.09-17.35.50:204][464]LogAudioMixer: Display: Using Audio Device Speakers (Realtek High Definition Audio)
[2020.02.09-17.35.50:206][464]LogInit: FAudioDevice initialized.
[2020.02.09-17.35.50:242][464]LogSlate: Updating window title bar state: overlay mode, drag disabled, window buttons hidden, title bar hidden
[2020.02.09-17.35.50:243][464]LogLoad: Game class is 'BP_BaseGameMode_C'
[2020.02.09-17.35.50:246][464]LogWorld: Bringing World /Game/Map/UEDPIE_0_M_TestMap.M_TestMap up for play (max tick rate 60) at 2020.02.09-20.35.50
[2020.02.09-17.35.50:246][464]LogWorld: Bringing up level for play took: 0.002101
[2020.02.09-17.35.50:247][464]LogOnline: OSS: Creating online subsystem instance for: :Context_1
[2020.02.09-17.35.50:250][464]LogContentBrowser: Native class hierarchy updated for 'MovieSceneCapture' in 0.0004 seconds. Added 20 classes and 0 folders.
[2020.02.09-17.35.50:280][464]PIE: Play in editor start time for /Game/Map/UEDPIE_0_M_TestMap 0,087
[2020.02.09-17.35.50:281][464]LogBlueprintUserMessages: Late PlayInEditor Detection: Level '/Game/Map/M_TestMap.M_TestMap:PersistentLevel' has LevelScriptBlueprint '/Game/Map/M_TestMap.M_TestMap:PersistentLevel.M_TestMap' with GeneratedClass '/Game/Map/M_TestMap.M_TestMap_C' with ClassGeneratedBy '/Game/Map/M_TestMap.M_TestMap:PersistentLevel.M_TestMap'
[2020.02.09-17.35.50:366][465]LogRenderer: Reallocating scene render targets to support 924x520 Format 9 NumSamples 1 (Frame:1).
[2020.02.09-17.35.53:575][561]LogScript: Warning: Script Msg: Attempted to access index 0 from array 'Array Items To Pick Up' of length 0 in '/Game/Blueprints/Player/BP_PlayerCharacter.BP_PlayerCharacter_C'!
[2020.02.09-17.35.53:575][561]LogScript: Warning: Script Msg: Attempted to access index 0 from array 'Array Items To Pick Up' of length 0 in '/Game/Blueprints/Player/BP_PlayerCharacter.BP_PlayerCharacter_C'!
[2020.02.09-17.35.53:575][561]LogScript: Warning: Script Msg: Attempted to access index 0 from array 'Array Items To Pick Up' of length 0 in '/Game/Blueprints/Player/BP_PlayerCharacter.BP_PlayerCharacter_C'!
[2020.02.09-17.35.53:692][565]LogBlueprintUserMessages: [BP_PlayerCharacter_C_0] add
[2020.02.09-17.35.53:966][575]LogScript: Warning: Script Msg: Attempted to access index 0 from array 'Array Items To Pick Up' of length 0 in '/Game/Blueprints/Player/BP_PlayerCharacter.BP_PlayerCharacter_C'!
[2020.02.09-17.35.54:208][584]LogScript: Warning: Script Msg: Attempted to access index 0 from array 'Array Items To Pick Up' of length 0 in '/Game/Blueprints/Player/BP_PlayerCharacter.BP_PlayerCharacter_C'!
[2020.02.09-17.35.54:420][592]LogBlueprintUserMessages: [BP_PlayerCharacter_C_0] add
[2020.02.09-17.35.54:744][605]LogBlueprintUserMessages: [BP_PlayerCharacter_C_0] add
[2020.02.09-17.35.55:021][616]LogScript: Warning: Script Msg: Attempted to access index 0 from array 'Array Items To Pick Up' of length 0 in '/Game/Blueprints/Player/BP_PlayerCharacter.BP_PlayerCharacter_C'!
[2020.02.09-17.35.55:222][624]LogScript: Warning: Script Msg: Attempted to access index 0 from array 'Array Items To Pick Up' of length 0 in '/Game/Blueprints/Player/BP_PlayerCharacter.BP_PlayerCharacter_C'!
[2020.02.09-17.35.55:421][632]LogScript: Warning: Script Msg: Attempted to access index 0 from array 'Array Items To Pick Up' of length 0 in '/Game/Blueprints/Player/BP_PlayerCharacter.BP_PlayerCharacter_C'!
[2020.02.09-17.35.55:545][637]LogScript: Warning: Script Msg: Attempted to access index 0 from array 'Array Items To Pick Up' of length 0 in '/Game/Blueprints/Player/BP_PlayerCharacter.BP_PlayerCharacter_C'!
[2020.02.09-17.35.55:956][653]LogScript: Warning: Script Msg: Attempted to access index 0 from array 'Array Items To Pick Up' of length 0 in '/Game/Blueprints/Player/BP_PlayerCharacter.BP_PlayerCharacter_C'!
[2020.02.09-17.35.56:414][671]LogBlueprintUserMessages: [BP_PlayerCharacter_C_0] add
[2020.02.09-17.35.56:639][680]LogBlueprintUserMessages: [BP_PlayerCharacter_C_0] add
[2020.02.09-17.35.56:888][690]LogScript: Warning: Script Msg: Attempted to access index 0 from array 'Array Items To Pick Up' of length 0 in '/Game/Blueprints/Player/BP_PlayerCharacter.BP_PlayerCharacter_C'!
[2020.02.09-17.35.57:239][704]LogBlueprintUserMessages: [BP_PlayerCharacter_C_0] add
[2020.02.09-17.35.57:580][718]LogScript: Warning: Script Msg: Attempted to access index 0 from array 'Array Items To Pick Up' of length 0 in '/Game/Blueprints/Player/BP_PlayerCharacter.BP_PlayerCharacter_C'!
[2020.02.09-17.35.57:907][731]LogScript: Warning: Script Msg: Attempted to access index 0 from array 'Array Items To Pick Up' of length 0 in '/Game/Blueprints/Player/BP_PlayerCharacter.BP_PlayerCharacter_C'!
[2020.02.09-17.35.58:206][743]LogScript: Warning: Script Msg: Attempted to access index 0 from array 'Array Items To Pick Up' of length 0 in '/Game/Blueprints/Player/BP_PlayerCharacter.BP_PlayerCharacter_C'!
[2020.02.09-17.36.01:723][882]PIE: UWidget::RemoveFromParent() called on '/Engine/Transient.UnrealEdEngine_0:GameInstance_0.WB_Inv_C_0' which has no UMG parent (if it was added directly to a native Slate widget via TakeWidget() then it must be removed explicitly rather than via RemoveFromParent())
[2020.02.09-17.36.03:641][957]PIE: UWidget::RemoveFromParent() called on '/Engine/Transient.UnrealEdEngine_0:GameInstance_0.WB_Inv_C_0' which has no UMG parent (if it was added directly to a native Slate widget via TakeWidget() then it must be removed explicitly rather than via RemoveFromParent())
[2020.02.09-17.36.03:696][959]LogAudioMixer: Display: No commands were queued while flushing the source manager.
[2020.02.09-17.36.03:696][959]LogAudioMixer: Display: No commands were queued while flushing the source manager.
[2020.02.09-17.36.03:696][959]LogBlueprintUserMessages: Early EndPlayMap Detection: Level '/Game/Map/M_TestMap.M_TestMap:PersistentLevel' has LevelScriptBlueprint '/Game/Map/M_TestMap.M_TestMap:PersistentLevel.M_TestMap' with GeneratedClass '/Game/Map/M_TestMap.M_TestMap_C' with ClassGeneratedBy '/Game/Map/M_TestMap.M_TestMap:PersistentLevel.M_TestMap'
[2020.02.09-17.36.03:698][959]LogSlate: Updating window title bar state: overlay mode, drag disabled, window buttons hidden, title bar hidden
[2020.02.09-17.36.03:698][959]LogWorld: BeginTearingDown for /Game/Map/UEDPIE_0_M_TestMap
[2020.02.09-17.36.03:715][959]LogSlate: Window 'Shooter2 Game Preview Standalone (64-bit/PCD3D_SM5)' being destroyed
[2020.02.09-17.36.03:721][959]LogAudioMixer: Display: No commands were queued while flushing the source manager.
[2020.02.09-17.36.03:721][959]LogWorld: UWorld::CleanupWorld for M_TestMap, bSessionEnded=true, bCleanupResources=true
[2020.02.09-17.36.03:722][959]LogSlate: InvalidateAllWidgets triggered.  All widgets were invalidated
[2020.02.09-17.36.03:728][959]LogPlayLevel: Display: Shutting down PIE online subsystems
[2020.02.09-17.36.03:728][959]LogBlueprintUserMessages: Late EndPlayMap Detection: Level '/Game/Map/M_TestMap.M_TestMap:PersistentLevel' has LevelScriptBlueprint '/Game/Map/M_TestMap.M_TestMap:PersistentLevel.M_TestMap' with GeneratedClass '/Game/Map/M_TestMap.M_TestMap_C' with ClassGeneratedBy '/Game/Map/M_TestMap.M_TestMap:PersistentLevel.M_TestMap'
[2020.02.09-17.36.03:733][959]LogSlate: InvalidateAllWidgets triggered.  All widgets were invalidated
[2020.02.09-17.36.03:762][959]LogAudioMixer: Display: No commands were queued while flushing the source manager.
[2020.02.09-17.36.03:772][959]LogUObjectHash: Compacting FUObjectHashTables data took   2.59ms
[2020.02.09-17.36.03:793][960]LogPlayLevel: Display: Destroying online subsystem :Context_1
[2020.02.09-17.36.26:110][124]LogSlate: Took 0.000230 seconds to synchronously load lazily loaded font '../../../Engine/Content/Slate/Fonts/Roboto-Light.ttf' (167K)
[2020.02.09-17.40.08:269][791]LogWindowsTextInputMethodSystem: Display: IME system now deactivated.
[2020.02.09-17.40.08:269][791]LogWindowsTextInputMethodSystem: Display: IME system now deactivated.
[2020.02.09-17.44.19:084][159]LogSlate: Window 'Source Control Login' being destroyed
